2022-02-05 04:21:52.620 [error] Error
2022-02-05 04:21:52.621 [error] 페이지를 찾을 수 없습니다.
2022-02-05 04:21:52.621 [error] Error: 페이지를 찾을 수 없습니다.
    at C:\Users\Owner\GRANDJEJU\Back_end\RestfulAPI\app.js:168:17
    at Layer.handle [as handle_request] (C:\Users\Owner\GRANDJEJU\node_modules\express\lib\router\layer.js:95:5)
    at trim_prefix (C:\Users\Owner\GRANDJEJU\node_modules\express\lib\router\index.js:323:13)
    at C:\Users\Owner\GRANDJEJU\node_modules\express\lib\router\index.js:284:7
    at param (C:\Users\Owner\GRANDJEJU\node_modules\express\lib\router\index.js:360:14)
    at param (C:\Users\Owner\GRANDJEJU\node_modules\express\lib\router\index.js:371:14)
    at Function.process_params (C:\Users\Owner\GRANDJEJU\node_modules\express\lib\router\index.js:416:3)
    at next (C:\Users\Owner\GRANDJEJU\node_modules\express\lib\router\index.js:275:10)
    at Layer.handle [as handle_request] (C:\Users\Owner\GRANDJEJU\node_modules\express\lib\router\layer.js:91:12)
    at trim_prefix (C:\Users\Owner\GRANDJEJU\node_modules\express\lib\router\index.js:323:13)
2022-02-05 13:38:23.975 [error] Error
2022-02-05 13:38:23.982 [error] 페이지를 찾을 수 없습니다.
2022-02-05 13:38:23.983 [error] Error: 페이지를 찾을 수 없습니다.
    at C:\Users\Owner\GRANDJEJU\Back_end\RestfulAPI\app.js:168:17
    at Layer.handle [as handle_request] (C:\Users\Owner\GRANDJEJU\node_modules\express\lib\router\layer.js:95:5)
    at trim_prefix (C:\Users\Owner\GRANDJEJU\node_modules\express\lib\router\index.js:323:13)
    at C:\Users\Owner\GRANDJEJU\node_modules\express\lib\router\index.js:284:7
    at param (C:\Users\Owner\GRANDJEJU\node_modules\express\lib\router\index.js:360:14)
    at param (C:\Users\Owner\GRANDJEJU\node_modules\express\lib\router\index.js:371:14)
    at Function.process_params (C:\Users\Owner\GRANDJEJU\node_modules\express\lib\router\index.js:416:3)
    at next (C:\Users\Owner\GRANDJEJU\node_modules\express\lib\router\index.js:275:10)
    at Layer.handle [as handle_request] (C:\Users\Owner\GRANDJEJU\node_modules\express\lib\router\layer.js:91:12)
    at trim_prefix (C:\Users\Owner\GRANDJEJU\node_modules\express\lib\router\index.js:323:13)
2022-02-05 14:18:18.381 [error] Error
2022-02-05 14:18:18.381 [error] 페이지를 찾을 수 없습니다.
2022-02-05 14:18:18.381 [error] Error: 페이지를 찾을 수 없습니다.
    at C:\Users\Owner\GRANDJEJU\Back_end\RestfulAPI\app.js:168:17
    at Layer.handle [as handle_request] (C:\Users\Owner\GRANDJEJU\node_modules\express\lib\router\layer.js:95:5)
    at trim_prefix (C:\Users\Owner\GRANDJEJU\node_modules\express\lib\router\index.js:323:13)
    at C:\Users\Owner\GRANDJEJU\node_modules\express\lib\router\index.js:284:7
    at param (C:\Users\Owner\GRANDJEJU\node_modules\express\lib\router\index.js:360:14)
    at param (C:\Users\Owner\GRANDJEJU\node_modules\express\lib\router\index.js:371:14)
    at Function.process_params (C:\Users\Owner\GRANDJEJU\node_modules\express\lib\router\index.js:416:3)
    at next (C:\Users\Owner\GRANDJEJU\node_modules\express\lib\router\index.js:275:10)
    at Layer.handle [as handle_request] (C:\Users\Owner\GRANDJEJU\node_modules\express\lib\router\layer.js:91:12)
    at trim_prefix (C:\Users\Owner\GRANDJEJU\node_modules\express\lib\router\index.js:323:13)
2022-02-05 14:21:56.282 [error] Error
2022-02-05 14:21:56.282 [error] 페이지를 찾을 수 없습니다.
2022-02-05 14:21:56.283 [error] Error: 페이지를 찾을 수 없습니다.
    at C:\Users\Owner\GRANDJEJU\Back_end\RestfulAPI\app.js:168:17
    at Layer.handle [as handle_request] (C:\Users\Owner\GRANDJEJU\node_modules\express\lib\router\layer.js:95:5)
    at trim_prefix (C:\Users\Owner\GRANDJEJU\node_modules\express\lib\router\index.js:323:13)
    at C:\Users\Owner\GRANDJEJU\node_modules\express\lib\router\index.js:284:7
    at param (C:\Users\Owner\GRANDJEJU\node_modules\express\lib\router\index.js:360:14)
    at param (C:\Users\Owner\GRANDJEJU\node_modules\express\lib\router\index.js:371:14)
    at Function.process_params (C:\Users\Owner\GRANDJEJU\node_modules\express\lib\router\index.js:416:3)
    at next (C:\Users\Owner\GRANDJEJU\node_modules\express\lib\router\index.js:275:10)
    at Layer.handle [as handle_request] (C:\Users\Owner\GRANDJEJU\node_modules\express\lib\router\layer.js:91:12)
    at trim_prefix (C:\Users\Owner\GRANDJEJU\node_modules\express\lib\router\index.js:323:13)
2022-02-05 14:48:10.710 [error] Error
2022-02-05 14:48:10.711 [error] You have an error in your SQL syntax; check the manual that corresponds to your MySQL server version for the right syntax to use near '-10, 10' at line 1
2022-02-05 14:48:10.711 [error] Error: You have an error in your SQL syntax; check the manual that corresponds to your MySQL server version for the right syntax to use near '-10, 10' at line 1
    at C:\Users\Owner\GRANDJEJU\Back_end\RestfulAPI\app.js:162:23
    at Layer.handle_error (C:\Users\Owner\GRANDJEJU\node_modules\express\lib\router\layer.js:71:5)
    at trim_prefix (C:\Users\Owner\GRANDJEJU\node_modules\express\lib\router\index.js:321:13)
    at C:\Users\Owner\GRANDJEJU\node_modules\express\lib\router\index.js:284:7
    at Function.process_params (C:\Users\Owner\GRANDJEJU\node_modules\express\lib\router\index.js:341:12)
    at next (C:\Users\Owner\GRANDJEJU\node_modules\express\lib\router\index.js:275:10)
    at C:\Users\Owner\GRANDJEJU\node_modules\express\lib\router\index.js:641:15
    at next (C:\Users\Owner\GRANDJEJU\node_modules\express\lib\router\index.js:260:14)
    at next (C:\Users\Owner\GRANDJEJU\node_modules\express\lib\router\route.js:127:14)
    at C:\Users\Owner\GRANDJEJU\Back_end\RestfulAPI\Grandjeju\inquiry.js:147:20
2022-02-05 14:48:15.911 [error] Error
2022-02-05 14:48:15.911 [error] You have an error in your SQL syntax; check the manual that corresponds to your MySQL server version for the right syntax to use near '-10, 10' at line 1
2022-02-05 14:48:15.912 [error] Error: You have an error in your SQL syntax; check the manual that corresponds to your MySQL server version for the right syntax to use near '-10, 10' at line 1
    at C:\Users\Owner\GRANDJEJU\Back_end\RestfulAPI\app.js:162:23
    at Layer.handle_error (C:\Users\Owner\GRANDJEJU\node_modules\express\lib\router\layer.js:71:5)
    at trim_prefix (C:\Users\Owner\GRANDJEJU\node_modules\express\lib\router\index.js:321:13)
    at C:\Users\Owner\GRANDJEJU\node_modules\express\lib\router\index.js:284:7
    at Function.process_params (C:\Users\Owner\GRANDJEJU\node_modules\express\lib\router\index.js:341:12)
    at next (C:\Users\Owner\GRANDJEJU\node_modules\express\lib\router\index.js:275:10)
    at C:\Users\Owner\GRANDJEJU\node_modules\express\lib\router\index.js:641:15
    at next (C:\Users\Owner\GRANDJEJU\node_modules\express\lib\router\index.js:260:14)
    at next (C:\Users\Owner\GRANDJEJU\node_modules\express\lib\router\route.js:127:14)
    at C:\Users\Owner\GRANDJEJU\Back_end\RestfulAPI\Grandjeju\inquiry.js:147:20
2022-02-05 23:42:14.021 [error] Error
2022-02-05 23:42:14.021 [error] Unknown database 'grandjeju'
2022-02-05 23:42:14.022 [error] Error: Unknown database 'grandjeju'
    at Q:\2021 풀스택 과정\grandjeju\Back_end\RestfulAPI\app.js:162:23
    at Layer.handle_error (Q:\2021 풀스택 과정\grandjeju\node_modules\express\lib\router\layer.js:71:5)
    at trim_prefix (Q:\2021 풀스택 과정\grandjeju\node_modules\express\lib\router\index.js:321:13)
    at Q:\2021 풀스택 과정\grandjeju\node_modules\express\lib\router\index.js:284:7
    at Function.process_params (Q:\2021 풀스택 과정\grandjeju\node_modules\express\lib\router\index.js:341:12)
    at next (Q:\2021 풀스택 과정\grandjeju\node_modules\express\lib\router\index.js:275:10)
    at Layer.handle_error (Q:\2021 풀스택 과정\grandjeju\node_modules\express\lib\router\layer.js:67:12)
    at trim_prefix (Q:\2021 풀스택 과정\grandjeju\node_modules\express\lib\router\index.js:321:13)
    at Q:\2021 풀스택 과정\grandjeju\node_modules\express\lib\router\index.js:284:7
    at Function.process_params (Q:\2021 풀스택 과정\grandjeju\node_modules\express\lib\router\index.js:341:12)
2022-02-05 23:43:17.659 [error] Error
2022-02-05 23:43:17.659 [error] Unknown database 'grandjeju'
2022-02-05 23:43:17.660 [error] Error: Unknown database 'grandjeju'
    at Q:\2021 풀스택 과정\grandjeju\Back_end\RestfulAPI\app.js:162:23
    at Layer.handle_error (Q:\2021 풀스택 과정\grandjeju\node_modules\express\lib\router\layer.js:71:5)
    at trim_prefix (Q:\2021 풀스택 과정\grandjeju\node_modules\express\lib\router\index.js:321:13)
    at Q:\2021 풀스택 과정\grandjeju\node_modules\express\lib\router\index.js:284:7
    at Function.process_params (Q:\2021 풀스택 과정\grandjeju\node_modules\express\lib\router\index.js:341:12)
    at next (Q:\2021 풀스택 과정\grandjeju\node_modules\express\lib\router\index.js:275:10)
    at Layer.handle_error (Q:\2021 풀스택 과정\grandjeju\node_modules\express\lib\router\layer.js:67:12)
    at trim_prefix (Q:\2021 풀스택 과정\grandjeju\node_modules\express\lib\router\index.js:321:13)
    at Q:\2021 풀스택 과정\grandjeju\node_modules\express\lib\router\index.js:284:7
    at Function.process_params (Q:\2021 풀스택 과정\grandjeju\node_modules\express\lib\router\index.js:341:12)
