2022-02-03 13:51:04.756 [error] Error
2022-02-03 13:51:04.757 [error] Column 'state' cannot be null
2022-02-03 13:51:04.757 [error] Error: Column 'state' cannot be null
    at C:\Users\User\GRANDJEJU\Back_end\RestfulAPI\app.js:162:23
    at Layer.handle_error (C:\Users\User\GRANDJEJU\node_modules\express\lib\router\layer.js:71:5)
    at trim_prefix (C:\Users\User\GRANDJEJU\node_modules\express\lib\router\index.js:321:13)
    at C:\Users\User\GRANDJEJU\node_modules\express\lib\router\index.js:284:7
    at Function.process_params (C:\Users\User\GRANDJEJU\node_modules\express\lib\router\index.js:341:12)
    at next (C:\Users\User\GRANDJEJU\node_modules\express\lib\router\index.js:275:10)
    at C:\Users\User\GRANDJEJU\node_modules\express\lib\router\index.js:641:15
    at next (C:\Users\User\GRANDJEJU\node_modules\express\lib\router\index.js:260:14)
    at next (C:\Users\User\GRANDJEJU\node_modules\express\lib\router\route.js:127:14)
    at C:\Users\User\GRANDJEJU\Back_end\RestfulAPI\Grandjeju\inquiry.js:278:20
2022-02-03 13:53:35.076 [error] Error
2022-02-03 13:53:35.077 [error] Column 'state' cannot be null
2022-02-03 13:53:35.077 [error] Error: Column 'state' cannot be null
    at C:\Users\User\GRANDJEJU\Back_end\RestfulAPI\app.js:162:23
    at Layer.handle_error (C:\Users\User\GRANDJEJU\node_modules\express\lib\router\layer.js:71:5)
    at trim_prefix (C:\Users\User\GRANDJEJU\node_modules\express\lib\router\index.js:321:13)
    at C:\Users\User\GRANDJEJU\node_modules\express\lib\router\index.js:284:7
    at Function.process_params (C:\Users\User\GRANDJEJU\node_modules\express\lib\router\index.js:341:12)
    at next (C:\Users\User\GRANDJEJU\node_modules\express\lib\router\index.js:275:10)
    at C:\Users\User\GRANDJEJU\node_modules\express\lib\router\index.js:641:15
    at next (C:\Users\User\GRANDJEJU\node_modules\express\lib\router\index.js:260:14)
    at next (C:\Users\User\GRANDJEJU\node_modules\express\lib\router\route.js:127:14)
    at C:\Users\User\GRANDJEJU\Back_end\RestfulAPI\Grandjeju\inquiry.js:278:20
2022-02-03 13:55:21.242 [error] Error
2022-02-03 13:55:21.243 [error] Data truncated for column 'state' at row 1
2022-02-03 13:55:21.243 [error] Error: Data truncated for column 'state' at row 1
    at C:\Users\User\GRANDJEJU\Back_end\RestfulAPI\app.js:162:23
    at Layer.handle_error (C:\Users\User\GRANDJEJU\node_modules\express\lib\router\layer.js:71:5)
    at trim_prefix (C:\Users\User\GRANDJEJU\node_modules\express\lib\router\index.js:321:13)
    at C:\Users\User\GRANDJEJU\node_modules\express\lib\router\index.js:284:7
    at Function.process_params (C:\Users\User\GRANDJEJU\node_modules\express\lib\router\index.js:341:12)
    at next (C:\Users\User\GRANDJEJU\node_modules\express\lib\router\index.js:275:10)
    at C:\Users\User\GRANDJEJU\node_modules\express\lib\router\index.js:641:15
    at next (C:\Users\User\GRANDJEJU\node_modules\express\lib\router\index.js:260:14)
    at next (C:\Users\User\GRANDJEJU\node_modules\express\lib\router\route.js:127:14)
    at C:\Users\User\GRANDJEJU\Back_end\RestfulAPI\Grandjeju\inquiry.js:279:20
2022-02-03 13:56:38.623 [error] Error
2022-02-03 13:56:38.623 [error] Data truncated for column 'state' at row 1
2022-02-03 13:56:38.623 [error] Error: Data truncated for column 'state' at row 1
    at C:\Users\User\GRANDJEJU\Back_end\RestfulAPI\app.js:162:23
    at Layer.handle_error (C:\Users\User\GRANDJEJU\node_modules\express\lib\router\layer.js:71:5)
    at trim_prefix (C:\Users\User\GRANDJEJU\node_modules\express\lib\router\index.js:321:13)
    at C:\Users\User\GRANDJEJU\node_modules\express\lib\router\index.js:284:7
    at Function.process_params (C:\Users\User\GRANDJEJU\node_modules\express\lib\router\index.js:341:12)
    at next (C:\Users\User\GRANDJEJU\node_modules\express\lib\router\index.js:275:10)
    at C:\Users\User\GRANDJEJU\node_modules\express\lib\router\index.js:641:15
    at next (C:\Users\User\GRANDJEJU\node_modules\express\lib\router\index.js:260:14)
    at next (C:\Users\User\GRANDJEJU\node_modules\express\lib\router\route.js:127:14)
    at C:\Users\User\GRANDJEJU\Back_end\RestfulAPI\Grandjeju\inquiry.js:279:20
2022-02-03 13:58:27.208 [error] Error
2022-02-03 13:58:27.209 [error] Data truncated for column 'state' at row 1
2022-02-03 13:58:27.211 [error] Error: Data truncated for column 'state' at row 1
    at C:\Users\User\GRANDJEJU\Back_end\RestfulAPI\app.js:162:23
    at Layer.handle_error (C:\Users\User\GRANDJEJU\node_modules\express\lib\router\layer.js:71:5)
    at trim_prefix (C:\Users\User\GRANDJEJU\node_modules\express\lib\router\index.js:321:13)
    at C:\Users\User\GRANDJEJU\node_modules\express\lib\router\index.js:284:7
    at Function.process_params (C:\Users\User\GRANDJEJU\node_modules\express\lib\router\index.js:341:12)
    at next (C:\Users\User\GRANDJEJU\node_modules\express\lib\router\index.js:275:10)
    at C:\Users\User\GRANDJEJU\node_modules\express\lib\router\index.js:641:15
    at next (C:\Users\User\GRANDJEJU\node_modules\express\lib\router\index.js:260:14)
    at next (C:\Users\User\GRANDJEJU\node_modules\express\lib\router\route.js:127:14)
    at C:\Users\User\GRANDJEJU\Back_end\RestfulAPI\Grandjeju\inquiry.js:279:20
2022-02-03 14:00:30.731 [error] Error
2022-02-03 14:00:30.732 [error] Data truncated for column 'state' at row 1
2022-02-03 14:00:30.732 [error] Error: Data truncated for column 'state' at row 1
    at C:\Users\User\GRANDJEJU\Back_end\RestfulAPI\app.js:162:23
    at Layer.handle_error (C:\Users\User\GRANDJEJU\node_modules\express\lib\router\layer.js:71:5)
    at trim_prefix (C:\Users\User\GRANDJEJU\node_modules\express\lib\router\index.js:321:13)
    at C:\Users\User\GRANDJEJU\node_modules\express\lib\router\index.js:284:7
    at Function.process_params (C:\Users\User\GRANDJEJU\node_modules\express\lib\router\index.js:341:12)
    at next (C:\Users\User\GRANDJEJU\node_modules\express\lib\router\index.js:275:10)
    at C:\Users\User\GRANDJEJU\node_modules\express\lib\router\index.js:641:15
    at next (C:\Users\User\GRANDJEJU\node_modules\express\lib\router\index.js:260:14)
    at next (C:\Users\User\GRANDJEJU\node_modules\express\lib\router\route.js:127:14)
    at C:\Users\User\GRANDJEJU\Back_end\RestfulAPI\Grandjeju\inquiry.js:279:20
2022-02-03 14:00:40.559 [error] Error
2022-02-03 14:00:40.560 [error] Data truncated for column 'state' at row 1
2022-02-03 14:00:40.560 [error] Error: Data truncated for column 'state' at row 1
    at C:\Users\User\GRANDJEJU\Back_end\RestfulAPI\app.js:162:23
    at Layer.handle_error (C:\Users\User\GRANDJEJU\node_modules\express\lib\router\layer.js:71:5)
    at trim_prefix (C:\Users\User\GRANDJEJU\node_modules\express\lib\router\index.js:321:13)
    at C:\Users\User\GRANDJEJU\node_modules\express\lib\router\index.js:284:7
    at Function.process_params (C:\Users\User\GRANDJEJU\node_modules\express\lib\router\index.js:341:12)
    at next (C:\Users\User\GRANDJEJU\node_modules\express\lib\router\index.js:275:10)
    at C:\Users\User\GRANDJEJU\node_modules\express\lib\router\index.js:641:15
    at next (C:\Users\User\GRANDJEJU\node_modules\express\lib\router\index.js:260:14)
    at next (C:\Users\User\GRANDJEJU\node_modules\express\lib\router\route.js:127:14)
    at C:\Users\User\GRANDJEJU\Back_end\RestfulAPI\Grandjeju\inquiry.js:279:20
2022-02-03 14:00:43.266 [error] Error
2022-02-03 14:00:43.267 [error] Data truncated for column 'state' at row 1
2022-02-03 14:00:43.267 [error] Error: Data truncated for column 'state' at row 1
    at C:\Users\User\GRANDJEJU\Back_end\RestfulAPI\app.js:162:23
    at Layer.handle_error (C:\Users\User\GRANDJEJU\node_modules\express\lib\router\layer.js:71:5)
    at trim_prefix (C:\Users\User\GRANDJEJU\node_modules\express\lib\router\index.js:321:13)
    at C:\Users\User\GRANDJEJU\node_modules\express\lib\router\index.js:284:7
    at Function.process_params (C:\Users\User\GRANDJEJU\node_modules\express\lib\router\index.js:341:12)
    at next (C:\Users\User\GRANDJEJU\node_modules\express\lib\router\index.js:275:10)
    at C:\Users\User\GRANDJEJU\node_modules\express\lib\router\index.js:641:15
    at next (C:\Users\User\GRANDJEJU\node_modules\express\lib\router\index.js:260:14)
    at next (C:\Users\User\GRANDJEJU\node_modules\express\lib\router\route.js:127:14)
    at C:\Users\User\GRANDJEJU\Back_end\RestfulAPI\Grandjeju\inquiry.js:279:20
2022-02-03 14:03:24.619 [error] Error
2022-02-03 14:03:24.620 [error] 페이지를 찾을 수 없습니다.
2022-02-03 14:03:24.620 [error] Error: 페이지를 찾을 수 없습니다.
    at C:\Users\User\GRANDJEJU\Back_end\RestfulAPI\app.js:168:17
    at Layer.handle [as handle_request] (C:\Users\User\GRANDJEJU\node_modules\express\lib\router\layer.js:95:5)
    at trim_prefix (C:\Users\User\GRANDJEJU\node_modules\express\lib\router\index.js:323:13)
    at C:\Users\User\GRANDJEJU\node_modules\express\lib\router\index.js:284:7
    at param (C:\Users\User\GRANDJEJU\node_modules\express\lib\router\index.js:360:14)
    at param (C:\Users\User\GRANDJEJU\node_modules\express\lib\router\index.js:371:14)
    at Function.process_params (C:\Users\User\GRANDJEJU\node_modules\express\lib\router\index.js:416:3)
    at next (C:\Users\User\GRANDJEJU\node_modules\express\lib\router\index.js:275:10)
    at Layer.handle [as handle_request] (C:\Users\User\GRANDJEJU\node_modules\express\lib\router\layer.js:91:12)
    at trim_prefix (C:\Users\User\GRANDJEJU\node_modules\express\lib\router\index.js:323:13)
2022-02-03 14:03:38.917 [error] Error
2022-02-03 14:03:38.917 [error] You have an error in your SQL syntax; check the manual that corresponds to your MySQL server version for the right syntax to use near 'N'' WHERE inquiry_id='2'' at line 1
2022-02-03 14:03:38.918 [error] Error: You have an error in your SQL syntax; check the manual that corresponds to your MySQL server version for the right syntax to use near 'N'' WHERE inquiry_id='2'' at line 1
    at C:\Users\User\GRANDJEJU\Back_end\RestfulAPI\app.js:162:23
    at Layer.handle_error (C:\Users\User\GRANDJEJU\node_modules\express\lib\router\layer.js:71:5)
    at trim_prefix (C:\Users\User\GRANDJEJU\node_modules\express\lib\router\index.js:321:13)
    at C:\Users\User\GRANDJEJU\node_modules\express\lib\router\index.js:284:7
    at Function.process_params (C:\Users\User\GRANDJEJU\node_modules\express\lib\router\index.js:341:12)
    at next (C:\Users\User\GRANDJEJU\node_modules\express\lib\router\index.js:275:10)
    at C:\Users\User\GRANDJEJU\node_modules\express\lib\router\index.js:641:15
    at next (C:\Users\User\GRANDJEJU\node_modules\express\lib\router\index.js:260:14)
    at next (C:\Users\User\GRANDJEJU\node_modules\express\lib\router\route.js:127:14)
    at C:\Users\User\GRANDJEJU\Back_end\RestfulAPI\Grandjeju\inquiry.js:279:20
