2022-02-06 00:34:23.090 [error] Error
2022-02-06 00:34:23.091 [error] 아이디가 없습니다.
2022-02-06 00:34:23.091 [error] Error: 아이디가 없습니다.
    at RegexHelper.value (Q:\2021 풀스택 과정\grandjeju\Back_end\helper\RegexHelper.js:16:19)
    at Q:\2021 풀스택 과정\grandjeju\Back_end\RestfulAPI\Grandjeju\Members.js:160:25
    at Layer.handle [as handle_request] (Q:\2021 풀스택 과정\grandjeju\node_modules\express\lib\router\layer.js:95:5)
    at next (Q:\2021 풀스택 과정\grandjeju\node_modules\express\lib\router\route.js:137:13)
    at Route.dispatch (Q:\2021 풀스택 과정\grandjeju\node_modules\express\lib\router\route.js:112:3)
    at Layer.handle [as handle_request] (Q:\2021 풀스택 과정\grandjeju\node_modules\express\lib\router\layer.js:95:5)
    at Q:\2021 풀스택 과정\grandjeju\node_modules\express\lib\router\index.js:281:22
    at Function.process_params (Q:\2021 풀스택 과정\grandjeju\node_modules\express\lib\router\index.js:341:12)
    at next (Q:\2021 풀스택 과정\grandjeju\node_modules\express\lib\router\index.js:275:10)
    at Function.handle (Q:\2021 풀스택 과정\grandjeju\node_modules\express\lib\router\index.js:174:3)
2022-02-06 00:35:52.886 [error] Error
2022-02-06 00:35:52.887 [error] 아이디가 없습니다.
2022-02-06 00:35:52.888 [error] Error: 아이디가 없습니다.
    at RegexHelper.value (Q:\2021 풀스택 과정\grandjeju\Back_end\helper\RegexHelper.js:16:19)
    at Q:\2021 풀스택 과정\grandjeju\Back_end\RestfulAPI\Grandjeju\Members.js:160:25
    at Layer.handle [as handle_request] (Q:\2021 풀스택 과정\grandjeju\node_modules\express\lib\router\layer.js:95:5)
    at next (Q:\2021 풀스택 과정\grandjeju\node_modules\express\lib\router\route.js:137:13)
    at Route.dispatch (Q:\2021 풀스택 과정\grandjeju\node_modules\express\lib\router\route.js:112:3)
    at Layer.handle [as handle_request] (Q:\2021 풀스택 과정\grandjeju\node_modules\express\lib\router\layer.js:95:5)
    at Q:\2021 풀스택 과정\grandjeju\node_modules\express\lib\router\index.js:281:22
    at Function.process_params (Q:\2021 풀스택 과정\grandjeju\node_modules\express\lib\router\index.js:341:12)
    at next (Q:\2021 풀스택 과정\grandjeju\node_modules\express\lib\router\index.js:275:10)
    at Function.handle (Q:\2021 풀스택 과정\grandjeju\node_modules\express\lib\router\index.js:174:3)
2022-02-06 00:37:03.612 [error] Error
2022-02-06 00:37:03.613 [error] 아이디가 없습니다.
2022-02-06 00:37:03.614 [error] Error: 아이디가 없습니다.
    at RegexHelper.value (Q:\2021 풀스택 과정\grandjeju\Back_end\helper\RegexHelper.js:16:19)
    at Q:\2021 풀스택 과정\grandjeju\Back_end\RestfulAPI\Grandjeju\Members.js:160:25
    at Layer.handle [as handle_request] (Q:\2021 풀스택 과정\grandjeju\node_modules\express\lib\router\layer.js:95:5)
    at next (Q:\2021 풀스택 과정\grandjeju\node_modules\express\lib\router\route.js:137:13)
    at Route.dispatch (Q:\2021 풀스택 과정\grandjeju\node_modules\express\lib\router\route.js:112:3)
    at Layer.handle [as handle_request] (Q:\2021 풀스택 과정\grandjeju\node_modules\express\lib\router\layer.js:95:5)
    at Q:\2021 풀스택 과정\grandjeju\node_modules\express\lib\router\index.js:281:22
    at Function.process_params (Q:\2021 풀스택 과정\grandjeju\node_modules\express\lib\router\index.js:341:12)
    at next (Q:\2021 풀스택 과정\grandjeju\node_modules\express\lib\router\index.js:275:10)
    at Function.handle (Q:\2021 풀스택 과정\grandjeju\node_modules\express\lib\router\index.js:174:3)
2022-02-06 00:38:23.621 [error] Error
2022-02-06 00:38:23.621 [error] 아이디가 없습니다.
2022-02-06 00:38:23.622 [error] Error: 아이디가 없습니다.
    at RegexHelper.value (Q:\2021 풀스택 과정\grandjeju\Back_end\helper\RegexHelper.js:16:19)
    at Q:\2021 풀스택 과정\grandjeju\Back_end\RestfulAPI\Grandjeju\Members.js:160:25
    at Layer.handle [as handle_request] (Q:\2021 풀스택 과정\grandjeju\node_modules\express\lib\router\layer.js:95:5)
    at next (Q:\2021 풀스택 과정\grandjeju\node_modules\express\lib\router\route.js:137:13)
    at Route.dispatch (Q:\2021 풀스택 과정\grandjeju\node_modules\express\lib\router\route.js:112:3)
    at Layer.handle [as handle_request] (Q:\2021 풀스택 과정\grandjeju\node_modules\express\lib\router\layer.js:95:5)
    at Q:\2021 풀스택 과정\grandjeju\node_modules\express\lib\router\index.js:281:22
    at Function.process_params (Q:\2021 풀스택 과정\grandjeju\node_modules\express\lib\router\index.js:341:12)
    at next (Q:\2021 풀스택 과정\grandjeju\node_modules\express\lib\router\index.js:275:10)
    at Function.handle (Q:\2021 풀스택 과정\grandjeju\node_modules\express\lib\router\index.js:174:3)
2022-02-06 00:39:35.538 [error] Error
2022-02-06 00:39:35.539 [error] 아이디가 없습니다.
2022-02-06 00:39:35.539 [error] Error: 아이디가 없습니다.
    at RegexHelper.value (Q:\2021 풀스택 과정\grandjeju\Back_end\helper\RegexHelper.js:16:19)
    at Q:\2021 풀스택 과정\grandjeju\Back_end\RestfulAPI\Grandjeju\Members.js:160:25
    at Layer.handle [as handle_request] (Q:\2021 풀스택 과정\grandjeju\node_modules\express\lib\router\layer.js:95:5)
    at next (Q:\2021 풀스택 과정\grandjeju\node_modules\express\lib\router\route.js:137:13)
    at Route.dispatch (Q:\2021 풀스택 과정\grandjeju\node_modules\express\lib\router\route.js:112:3)
    at Layer.handle [as handle_request] (Q:\2021 풀스택 과정\grandjeju\node_modules\express\lib\router\layer.js:95:5)
    at Q:\2021 풀스택 과정\grandjeju\node_modules\express\lib\router\index.js:281:22
    at Function.process_params (Q:\2021 풀스택 과정\grandjeju\node_modules\express\lib\router\index.js:341:12)
    at next (Q:\2021 풀스택 과정\grandjeju\node_modules\express\lib\router\index.js:275:10)
    at Function.handle (Q:\2021 풀스택 과정\grandjeju\node_modules\express\lib\router\index.js:174:3)
2022-02-06 00:39:45.123 [error] Error
2022-02-06 00:39:45.124 [error] 아이디가 없습니다.
2022-02-06 00:39:45.125 [error] Error: 아이디가 없습니다.
    at RegexHelper.value (Q:\2021 풀스택 과정\grandjeju\Back_end\helper\RegexHelper.js:16:19)
    at Q:\2021 풀스택 과정\grandjeju\Back_end\RestfulAPI\Grandjeju\Members.js:160:25
    at Layer.handle [as handle_request] (Q:\2021 풀스택 과정\grandjeju\node_modules\express\lib\router\layer.js:95:5)
    at next (Q:\2021 풀스택 과정\grandjeju\node_modules\express\lib\router\route.js:137:13)
    at Route.dispatch (Q:\2021 풀스택 과정\grandjeju\node_modules\express\lib\router\route.js:112:3)
    at Layer.handle [as handle_request] (Q:\2021 풀스택 과정\grandjeju\node_modules\express\lib\router\layer.js:95:5)
    at Q:\2021 풀스택 과정\grandjeju\node_modules\express\lib\router\index.js:281:22
    at Function.process_params (Q:\2021 풀스택 과정\grandjeju\node_modules\express\lib\router\index.js:341:12)
    at next (Q:\2021 풀스택 과정\grandjeju\node_modules\express\lib\router\index.js:275:10)
    at Function.handle (Q:\2021 풀스택 과정\grandjeju\node_modules\express\lib\router\index.js:174:3)
2022-02-06 00:39:50.091 [error] Error
2022-02-06 00:39:50.091 [error] 아이디가 없습니다.
2022-02-06 00:39:50.092 [error] Error: 아이디가 없습니다.
    at RegexHelper.value (Q:\2021 풀스택 과정\grandjeju\Back_end\helper\RegexHelper.js:16:19)
    at Q:\2021 풀스택 과정\grandjeju\Back_end\RestfulAPI\Grandjeju\Members.js:160:25
    at Layer.handle [as handle_request] (Q:\2021 풀스택 과정\grandjeju\node_modules\express\lib\router\layer.js:95:5)
    at next (Q:\2021 풀스택 과정\grandjeju\node_modules\express\lib\router\route.js:137:13)
    at Route.dispatch (Q:\2021 풀스택 과정\grandjeju\node_modules\express\lib\router\route.js:112:3)
    at Layer.handle [as handle_request] (Q:\2021 풀스택 과정\grandjeju\node_modules\express\lib\router\layer.js:95:5)
    at Q:\2021 풀스택 과정\grandjeju\node_modules\express\lib\router\index.js:281:22
    at Function.process_params (Q:\2021 풀스택 과정\grandjeju\node_modules\express\lib\router\index.js:341:12)
    at next (Q:\2021 풀스택 과정\grandjeju\node_modules\express\lib\router\index.js:275:10)
    at Function.handle (Q:\2021 풀스택 과정\grandjeju\node_modules\express\lib\router\index.js:174:3)
2022-02-06 00:40:31.763 [error] Error
2022-02-06 00:40:31.764 [error] 아이디가 없습니다.
2022-02-06 00:40:31.764 [error] Error: 아이디가 없습니다.
    at RegexHelper.value (Q:\2021 풀스택 과정\grandjeju\Back_end\helper\RegexHelper.js:16:19)
    at Q:\2021 풀스택 과정\grandjeju\Back_end\RestfulAPI\Grandjeju\Members.js:160:25
    at Layer.handle [as handle_request] (Q:\2021 풀스택 과정\grandjeju\node_modules\express\lib\router\layer.js:95:5)
    at next (Q:\2021 풀스택 과정\grandjeju\node_modules\express\lib\router\route.js:137:13)
    at Route.dispatch (Q:\2021 풀스택 과정\grandjeju\node_modules\express\lib\router\route.js:112:3)
    at Layer.handle [as handle_request] (Q:\2021 풀스택 과정\grandjeju\node_modules\express\lib\router\layer.js:95:5)
    at Q:\2021 풀스택 과정\grandjeju\node_modules\express\lib\router\index.js:281:22
    at Function.process_params (Q:\2021 풀스택 과정\grandjeju\node_modules\express\lib\router\index.js:341:12)
    at next (Q:\2021 풀스택 과정\grandjeju\node_modules\express\lib\router\index.js:275:10)
    at Function.handle (Q:\2021 풀스택 과정\grandjeju\node_modules\express\lib\router\index.js:174:3)
2022-02-06 00:40:32.399 [error] Error
2022-02-06 00:40:32.400 [error] 아이디가 없습니다.
2022-02-06 00:40:32.400 [error] Error: 아이디가 없습니다.
    at RegexHelper.value (Q:\2021 풀스택 과정\grandjeju\Back_end\helper\RegexHelper.js:16:19)
    at Q:\2021 풀스택 과정\grandjeju\Back_end\RestfulAPI\Grandjeju\Members.js:160:25
    at Layer.handle [as handle_request] (Q:\2021 풀스택 과정\grandjeju\node_modules\express\lib\router\layer.js:95:5)
    at next (Q:\2021 풀스택 과정\grandjeju\node_modules\express\lib\router\route.js:137:13)
    at Route.dispatch (Q:\2021 풀스택 과정\grandjeju\node_modules\express\lib\router\route.js:112:3)
    at Layer.handle [as handle_request] (Q:\2021 풀스택 과정\grandjeju\node_modules\express\lib\router\layer.js:95:5)
    at Q:\2021 풀스택 과정\grandjeju\node_modules\express\lib\router\index.js:281:22
    at Function.process_params (Q:\2021 풀스택 과정\grandjeju\node_modules\express\lib\router\index.js:341:12)
    at next (Q:\2021 풀스택 과정\grandjeju\node_modules\express\lib\router\index.js:275:10)
    at Function.handle (Q:\2021 풀스택 과정\grandjeju\node_modules\express\lib\router\index.js:174:3)
2022-02-06 00:40:33.006 [error] Error
2022-02-06 00:40:33.006 [error] 아이디가 없습니다.
2022-02-06 00:40:33.007 [error] Error: 아이디가 없습니다.
    at RegexHelper.value (Q:\2021 풀스택 과정\grandjeju\Back_end\helper\RegexHelper.js:16:19)
    at Q:\2021 풀스택 과정\grandjeju\Back_end\RestfulAPI\Grandjeju\Members.js:160:25
    at Layer.handle [as handle_request] (Q:\2021 풀스택 과정\grandjeju\node_modules\express\lib\router\layer.js:95:5)
    at next (Q:\2021 풀스택 과정\grandjeju\node_modules\express\lib\router\route.js:137:13)
    at Route.dispatch (Q:\2021 풀스택 과정\grandjeju\node_modules\express\lib\router\route.js:112:3)
    at Layer.handle [as handle_request] (Q:\2021 풀스택 과정\grandjeju\node_modules\express\lib\router\layer.js:95:5)
    at Q:\2021 풀스택 과정\grandjeju\node_modules\express\lib\router\index.js:281:22
    at Function.process_params (Q:\2021 풀스택 과정\grandjeju\node_modules\express\lib\router\index.js:341:12)
    at next (Q:\2021 풀스택 과정\grandjeju\node_modules\express\lib\router\index.js:275:10)
    at Function.handle (Q:\2021 풀스택 과정\grandjeju\node_modules\express\lib\router\index.js:174:3)
2022-02-06 00:40:49.793 [error] Error
2022-02-06 00:40:49.794 [error] Column 'user_id' cannot be null
2022-02-06 00:40:49.794 [error] Error: Column 'user_id' cannot be null
    at Q:\2021 풀스택 과정\grandjeju\Back_end\RestfulAPI\app.js:162:23
    at Layer.handle_error (Q:\2021 풀스택 과정\grandjeju\node_modules\express\lib\router\layer.js:71:5)
    at trim_prefix (Q:\2021 풀스택 과정\grandjeju\node_modules\express\lib\router\index.js:321:13)
    at Q:\2021 풀스택 과정\grandjeju\node_modules\express\lib\router\index.js:284:7
    at Function.process_params (Q:\2021 풀스택 과정\grandjeju\node_modules\express\lib\router\index.js:341:12)
    at next (Q:\2021 풀스택 과정\grandjeju\node_modules\express\lib\router\index.js:275:10)
    at Layer.handle_error (Q:\2021 풀스택 과정\grandjeju\node_modules\express\lib\router\layer.js:67:12)
    at trim_prefix (Q:\2021 풀스택 과정\grandjeju\node_modules\express\lib\router\index.js:321:13)
    at Q:\2021 풀스택 과정\grandjeju\node_modules\express\lib\router\index.js:284:7
    at Function.process_params (Q:\2021 풀스택 과정\grandjeju\node_modules\express\lib\router\index.js:341:12)
2022-02-06 00:41:52.288 [error] Error
2022-02-06 00:41:52.289 [error] 아이디가 없습니다.
2022-02-06 00:41:52.289 [error] Error: 아이디가 없습니다.
    at RegexHelper.value (Q:\2021 풀스택 과정\grandjeju\Back_end\helper\RegexHelper.js:16:19)
    at Q:\2021 풀스택 과정\grandjeju\Back_end\RestfulAPI\Grandjeju\Members.js:160:25
    at Layer.handle [as handle_request] (Q:\2021 풀스택 과정\grandjeju\node_modules\express\lib\router\layer.js:95:5)
    at next (Q:\2021 풀스택 과정\grandjeju\node_modules\express\lib\router\route.js:137:13)
    at Route.dispatch (Q:\2021 풀스택 과정\grandjeju\node_modules\express\lib\router\route.js:112:3)
    at Layer.handle [as handle_request] (Q:\2021 풀스택 과정\grandjeju\node_modules\express\lib\router\layer.js:95:5)
    at Q:\2021 풀스택 과정\grandjeju\node_modules\express\lib\router\index.js:281:22
    at Function.process_params (Q:\2021 풀스택 과정\grandjeju\node_modules\express\lib\router\index.js:341:12)
    at next (Q:\2021 풀스택 과정\grandjeju\node_modules\express\lib\router\index.js:275:10)
    at Function.handle (Q:\2021 풀스택 과정\grandjeju\node_modules\express\lib\router\index.js:174:3)
2022-02-06 00:43:13.547 [error] Error
2022-02-06 00:43:13.548 [error] Field 'reg_date' doesn't have a default value
2022-02-06 00:43:13.548 [error] Error: Field 'reg_date' doesn't have a default value
    at Q:\2021 풀스택 과정\grandjeju\Back_end\RestfulAPI\app.js:162:23
    at Layer.handle_error (Q:\2021 풀스택 과정\grandjeju\node_modules\express\lib\router\layer.js:71:5)
    at trim_prefix (Q:\2021 풀스택 과정\grandjeju\node_modules\express\lib\router\index.js:321:13)
    at Q:\2021 풀스택 과정\grandjeju\node_modules\express\lib\router\index.js:284:7
    at Function.process_params (Q:\2021 풀스택 과정\grandjeju\node_modules\express\lib\router\index.js:341:12)
    at next (Q:\2021 풀스택 과정\grandjeju\node_modules\express\lib\router\index.js:275:10)
    at Layer.handle_error (Q:\2021 풀스택 과정\grandjeju\node_modules\express\lib\router\layer.js:67:12)
    at trim_prefix (Q:\2021 풀스택 과정\grandjeju\node_modules\express\lib\router\index.js:321:13)
    at Q:\2021 풀스택 과정\grandjeju\node_modules\express\lib\router\index.js:284:7
    at Function.process_params (Q:\2021 풀스택 과정\grandjeju\node_modules\express\lib\router\index.js:341:12)
2022-02-06 00:45:46.052 [error] Error
2022-02-06 00:45:46.053 [error] You have an error in your SQL syntax; check the manual that corresponds to your MySQL server version for the right syntax to use near 'reg_date) VALUES ('test22','asdfasdf123','테스트','01020202020',N,now())' at line 1
2022-02-06 00:45:46.053 [error] Error: You have an error in your SQL syntax; check the manual that corresponds to your MySQL server version for the right syntax to use near 'reg_date) VALUES ('test22','asdfasdf123','테스트','01020202020',N,now())' at line 1
    at Q:\2021 풀스택 과정\grandjeju\Back_end\RestfulAPI\app.js:162:23
    at Layer.handle_error (Q:\2021 풀스택 과정\grandjeju\node_modules\express\lib\router\layer.js:71:5)
    at trim_prefix (Q:\2021 풀스택 과정\grandjeju\node_modules\express\lib\router\index.js:321:13)
    at Q:\2021 풀스택 과정\grandjeju\node_modules\express\lib\router\index.js:284:7
    at Function.process_params (Q:\2021 풀스택 과정\grandjeju\node_modules\express\lib\router\index.js:341:12)
    at next (Q:\2021 풀스택 과정\grandjeju\node_modules\express\lib\router\index.js:275:10)
    at Layer.handle_error (Q:\2021 풀스택 과정\grandjeju\node_modules\express\lib\router\layer.js:67:12)
    at trim_prefix (Q:\2021 풀스택 과정\grandjeju\node_modules\express\lib\router\index.js:321:13)
    at Q:\2021 풀스택 과정\grandjeju\node_modules\express\lib\router\index.js:284:7
    at Function.process_params (Q:\2021 풀스택 과정\grandjeju\node_modules\express\lib\router\index.js:341:12)
2022-02-06 00:46:06.545 [error] Error
2022-02-06 00:46:06.546 [error] You have an error in your SQL syntax; check the manual that corresponds to your MySQL server version for the right syntax to use near 'reg_date) VALUES ('test22','asdfasdf123','테스트','01020202020',NULL,now())' at line 1
2022-02-06 00:46:06.546 [error] Error: You have an error in your SQL syntax; check the manual that corresponds to your MySQL server version for the right syntax to use near 'reg_date) VALUES ('test22','asdfasdf123','테스트','01020202020',NULL,now())' at line 1
    at Q:\2021 풀스택 과정\grandjeju\Back_end\RestfulAPI\app.js:162:23
    at Layer.handle_error (Q:\2021 풀스택 과정\grandjeju\node_modules\express\lib\router\layer.js:71:5)
    at trim_prefix (Q:\2021 풀스택 과정\grandjeju\node_modules\express\lib\router\index.js:321:13)
    at Q:\2021 풀스택 과정\grandjeju\node_modules\express\lib\router\index.js:284:7
    at Function.process_params (Q:\2021 풀스택 과정\grandjeju\node_modules\express\lib\router\index.js:341:12)
    at next (Q:\2021 풀스택 과정\grandjeju\node_modules\express\lib\router\index.js:275:10)
    at Layer.handle_error (Q:\2021 풀스택 과정\grandjeju\node_modules\express\lib\router\layer.js:67:12)
    at trim_prefix (Q:\2021 풀스택 과정\grandjeju\node_modules\express\lib\router\index.js:321:13)
    at Q:\2021 풀스택 과정\grandjeju\node_modules\express\lib\router\index.js:284:7
    at Function.process_params (Q:\2021 풀스택 과정\grandjeju\node_modules\express\lib\router\index.js:341:12)
2022-02-06 00:46:30.551 [error] Error
2022-02-06 00:46:30.552 [error] Unknown column 'N' in 'field list'
2022-02-06 00:46:30.553 [error] Error: Unknown column 'N' in 'field list'
    at Q:\2021 풀스택 과정\grandjeju\Back_end\RestfulAPI\app.js:162:23
    at Layer.handle_error (Q:\2021 풀스택 과정\grandjeju\node_modules\express\lib\router\layer.js:71:5)
    at trim_prefix (Q:\2021 풀스택 과정\grandjeju\node_modules\express\lib\router\index.js:321:13)
    at Q:\2021 풀스택 과정\grandjeju\node_modules\express\lib\router\index.js:284:7
    at Function.process_params (Q:\2021 풀스택 과정\grandjeju\node_modules\express\lib\router\index.js:341:12)
    at next (Q:\2021 풀스택 과정\grandjeju\node_modules\express\lib\router\index.js:275:10)
    at Layer.handle_error (Q:\2021 풀스택 과정\grandjeju\node_modules\express\lib\router\layer.js:67:12)
    at trim_prefix (Q:\2021 풀스택 과정\grandjeju\node_modules\express\lib\router\index.js:321:13)
    at Q:\2021 풀스택 과정\grandjeju\node_modules\express\lib\router\index.js:284:7
    at Function.process_params (Q:\2021 풀스택 과정\grandjeju\node_modules\express\lib\router\index.js:341:12)
2022-02-06 01:06:00.918 [error] Error
2022-02-06 01:06:00.919 [error] 페이지를 찾을 수 없습니다.
2022-02-06 01:06:00.919 [error] Error: 페이지를 찾을 수 없습니다.
    at Q:\2021 풀스택 과정\grandjeju\Back_end\RestfulAPI\app.js:168:17
    at Layer.handle [as handle_request] (Q:\2021 풀스택 과정\grandjeju\node_modules\express\lib\router\layer.js:95:5)
    at trim_prefix (Q:\2021 풀스택 과정\grandjeju\node_modules\express\lib\router\index.js:323:13)
    at Q:\2021 풀스택 과정\grandjeju\node_modules\express\lib\router\index.js:284:7
    at param (Q:\2021 풀스택 과정\grandjeju\node_modules\express\lib\router\index.js:360:14)
    at param (Q:\2021 풀스택 과정\grandjeju\node_modules\express\lib\router\index.js:371:14)
    at Function.process_params (Q:\2021 풀스택 과정\grandjeju\node_modules\express\lib\router\index.js:416:3)
    at next (Q:\2021 풀스택 과정\grandjeju\node_modules\express\lib\router\index.js:275:10)
    at Layer.handle [as handle_request] (Q:\2021 풀스택 과정\grandjeju\node_modules\express\lib\router\layer.js:91:12)
    at trim_prefix (Q:\2021 풀스택 과정\grandjeju\node_modules\express\lib\router\index.js:323:13)
2022-02-06 01:06:13.576 [error] Error
2022-02-06 01:06:13.576 [error] 페이지를 찾을 수 없습니다.
2022-02-06 01:06:13.577 [error] Error: 페이지를 찾을 수 없습니다.
    at Q:\2021 풀스택 과정\grandjeju\Back_end\RestfulAPI\app.js:168:17
    at Layer.handle [as handle_request] (Q:\2021 풀스택 과정\grandjeju\node_modules\express\lib\router\layer.js:95:5)
    at trim_prefix (Q:\2021 풀스택 과정\grandjeju\node_modules\express\lib\router\index.js:323:13)
    at Q:\2021 풀스택 과정\grandjeju\node_modules\express\lib\router\index.js:284:7
    at param (Q:\2021 풀스택 과정\grandjeju\node_modules\express\lib\router\index.js:360:14)
    at param (Q:\2021 풀스택 과정\grandjeju\node_modules\express\lib\router\index.js:371:14)
    at Function.process_params (Q:\2021 풀스택 과정\grandjeju\node_modules\express\lib\router\index.js:416:3)
    at next (Q:\2021 풀스택 과정\grandjeju\node_modules\express\lib\router\index.js:275:10)
    at Layer.handle [as handle_request] (Q:\2021 풀스택 과정\grandjeju\node_modules\express\lib\router\layer.js:91:12)
    at trim_prefix (Q:\2021 풀스택 과정\grandjeju\node_modules\express\lib\router\index.js:323:13)
2022-02-06 01:08:13.044 [error] Error
2022-02-06 01:08:13.044 [error] 페이지를 찾을 수 없습니다.
2022-02-06 01:08:13.045 [error] Error: 페이지를 찾을 수 없습니다.
    at Q:\2021 풀스택 과정\grandjeju\Back_end\RestfulAPI\app.js:168:17
    at Layer.handle [as handle_request] (Q:\2021 풀스택 과정\grandjeju\node_modules\express\lib\router\layer.js:95:5)
    at trim_prefix (Q:\2021 풀스택 과정\grandjeju\node_modules\express\lib\router\index.js:323:13)
    at Q:\2021 풀스택 과정\grandjeju\node_modules\express\lib\router\index.js:284:7
    at param (Q:\2021 풀스택 과정\grandjeju\node_modules\express\lib\router\index.js:360:14)
    at param (Q:\2021 풀스택 과정\grandjeju\node_modules\express\lib\router\index.js:371:14)
    at Function.process_params (Q:\2021 풀스택 과정\grandjeju\node_modules\express\lib\router\index.js:416:3)
    at next (Q:\2021 풀스택 과정\grandjeju\node_modules\express\lib\router\index.js:275:10)
    at Layer.handle [as handle_request] (Q:\2021 풀스택 과정\grandjeju\node_modules\express\lib\router\layer.js:91:12)
    at trim_prefix (Q:\2021 풀스택 과정\grandjeju\node_modules\express\lib\router\index.js:323:13)
2022-02-06 01:10:51.354 [error] Error
2022-02-06 01:10:51.355 [error] 페이지를 찾을 수 없습니다.
2022-02-06 01:10:51.355 [error] Error: 페이지를 찾을 수 없습니다.
    at Q:\2021 풀스택 과정\grandjeju\Back_end\RestfulAPI\app.js:170:17
    at Layer.handle [as handle_request] (Q:\2021 풀스택 과정\grandjeju\node_modules\express\lib\router\layer.js:95:5)
    at trim_prefix (Q:\2021 풀스택 과정\grandjeju\node_modules\express\lib\router\index.js:323:13)
    at Q:\2021 풀스택 과정\grandjeju\node_modules\express\lib\router\index.js:284:7
    at param (Q:\2021 풀스택 과정\grandjeju\node_modules\express\lib\router\index.js:360:14)
    at param (Q:\2021 풀스택 과정\grandjeju\node_modules\express\lib\router\index.js:371:14)
    at Function.process_params (Q:\2021 풀스택 과정\grandjeju\node_modules\express\lib\router\index.js:416:3)
    at next (Q:\2021 풀스택 과정\grandjeju\node_modules\express\lib\router\index.js:275:10)
    at Layer.handle [as handle_request] (Q:\2021 풀스택 과정\grandjeju\node_modules\express\lib\router\layer.js:91:12)
    at trim_prefix (Q:\2021 풀스택 과정\grandjeju\node_modules\express\lib\router\index.js:323:13)
2022-02-06 01:11:31.584 [error] Error
2022-02-06 01:11:31.584 [error] 페이지를 찾을 수 없습니다.
2022-02-06 01:11:31.585 [error] Error: 페이지를 찾을 수 없습니다.
    at Q:\2021 풀스택 과정\grandjeju\Back_end\RestfulAPI\app.js:170:17
    at Layer.handle [as handle_request] (Q:\2021 풀스택 과정\grandjeju\node_modules\express\lib\router\layer.js:95:5)
    at trim_prefix (Q:\2021 풀스택 과정\grandjeju\node_modules\express\lib\router\index.js:323:13)
    at Q:\2021 풀스택 과정\grandjeju\node_modules\express\lib\router\index.js:284:7
    at param (Q:\2021 풀스택 과정\grandjeju\node_modules\express\lib\router\index.js:360:14)
    at param (Q:\2021 풀스택 과정\grandjeju\node_modules\express\lib\router\index.js:371:14)
    at Function.process_params (Q:\2021 풀스택 과정\grandjeju\node_modules\express\lib\router\index.js:416:3)
    at next (Q:\2021 풀스택 과정\grandjeju\node_modules\express\lib\router\index.js:275:10)
    at Layer.handle [as handle_request] (Q:\2021 풀스택 과정\grandjeju\node_modules\express\lib\router\layer.js:91:12)
    at trim_prefix (Q:\2021 풀스택 과정\grandjeju\node_modules\express\lib\router\index.js:323:13)
2022-02-06 01:14:18.951 [error] Error
2022-02-06 01:14:18.951 [error] 페이지를 찾을 수 없습니다.
2022-02-06 01:14:18.952 [error] Error: 페이지를 찾을 수 없습니다.
    at Q:\2021 풀스택 과정\grandjeju\Back_end\RestfulAPI\app.js:170:17
    at Layer.handle [as handle_request] (Q:\2021 풀스택 과정\grandjeju\node_modules\express\lib\router\layer.js:95:5)
    at trim_prefix (Q:\2021 풀스택 과정\grandjeju\node_modules\express\lib\router\index.js:323:13)
    at Q:\2021 풀스택 과정\grandjeju\node_modules\express\lib\router\index.js:284:7
    at param (Q:\2021 풀스택 과정\grandjeju\node_modules\express\lib\router\index.js:360:14)
    at param (Q:\2021 풀스택 과정\grandjeju\node_modules\express\lib\router\index.js:371:14)
    at Function.process_params (Q:\2021 풀스택 과정\grandjeju\node_modules\express\lib\router\index.js:416:3)
    at next (Q:\2021 풀스택 과정\grandjeju\node_modules\express\lib\router\index.js:275:10)
    at Layer.handle [as handle_request] (Q:\2021 풀스택 과정\grandjeju\node_modules\express\lib\router\layer.js:91:12)
    at trim_prefix (Q:\2021 풀스택 과정\grandjeju\node_modules\express\lib\router\index.js:323:13)
2022-02-06 01:14:31.016 [error] Error
2022-02-06 01:14:31.017 [error] 페이지를 찾을 수 없습니다.
2022-02-06 01:14:31.017 [error] Error: 페이지를 찾을 수 없습니다.
    at Q:\2021 풀스택 과정\grandjeju\Back_end\RestfulAPI\app.js:170:17
    at Layer.handle [as handle_request] (Q:\2021 풀스택 과정\grandjeju\node_modules\express\lib\router\layer.js:95:5)
    at trim_prefix (Q:\2021 풀스택 과정\grandjeju\node_modules\express\lib\router\index.js:323:13)
    at Q:\2021 풀스택 과정\grandjeju\node_modules\express\lib\router\index.js:284:7
    at param (Q:\2021 풀스택 과정\grandjeju\node_modules\express\lib\router\index.js:360:14)
    at param (Q:\2021 풀스택 과정\grandjeju\node_modules\express\lib\router\index.js:371:14)
    at Function.process_params (Q:\2021 풀스택 과정\grandjeju\node_modules\express\lib\router\index.js:416:3)
    at next (Q:\2021 풀스택 과정\grandjeju\node_modules\express\lib\router\index.js:275:10)
    at Layer.handle [as handle_request] (Q:\2021 풀스택 과정\grandjeju\node_modules\express\lib\router\layer.js:91:12)
    at trim_prefix (Q:\2021 풀스택 과정\grandjeju\node_modules\express\lib\router\index.js:323:13)
2022-02-06 01:17:47.667 [error] Error
2022-02-06 01:17:47.668 [error] 페이지를 찾을 수 없습니다.
2022-02-06 01:17:47.670 [error] Error: 페이지를 찾을 수 없습니다.
    at Q:\2021 풀스택 과정\grandjeju\Back_end\RestfulAPI\app.js:170:17
    at Layer.handle [as handle_request] (Q:\2021 풀스택 과정\grandjeju\node_modules\express\lib\router\layer.js:95:5)
    at trim_prefix (Q:\2021 풀스택 과정\grandjeju\node_modules\express\lib\router\index.js:323:13)
    at Q:\2021 풀스택 과정\grandjeju\node_modules\express\lib\router\index.js:284:7
    at param (Q:\2021 풀스택 과정\grandjeju\node_modules\express\lib\router\index.js:360:14)
    at param (Q:\2021 풀스택 과정\grandjeju\node_modules\express\lib\router\index.js:371:14)
    at Function.process_params (Q:\2021 풀스택 과정\grandjeju\node_modules\express\lib\router\index.js:416:3)
    at next (Q:\2021 풀스택 과정\grandjeju\node_modules\express\lib\router\index.js:275:10)
    at Layer.handle [as handle_request] (Q:\2021 풀스택 과정\grandjeju\node_modules\express\lib\router\layer.js:91:12)
    at trim_prefix (Q:\2021 풀스택 과정\grandjeju\node_modules\express\lib\router\index.js:323:13)
2022-02-06 01:17:55.669 [error] Error
2022-02-06 01:17:55.669 [error] 페이지를 찾을 수 없습니다.
2022-02-06 01:17:55.670 [error] Error: 페이지를 찾을 수 없습니다.
    at Q:\2021 풀스택 과정\grandjeju\Back_end\RestfulAPI\app.js:170:17
    at Layer.handle [as handle_request] (Q:\2021 풀스택 과정\grandjeju\node_modules\express\lib\router\layer.js:95:5)
    at trim_prefix (Q:\2021 풀스택 과정\grandjeju\node_modules\express\lib\router\index.js:323:13)
    at Q:\2021 풀스택 과정\grandjeju\node_modules\express\lib\router\index.js:284:7
    at param (Q:\2021 풀스택 과정\grandjeju\node_modules\express\lib\router\index.js:360:14)
    at param (Q:\2021 풀스택 과정\grandjeju\node_modules\express\lib\router\index.js:371:14)
    at Function.process_params (Q:\2021 풀스택 과정\grandjeju\node_modules\express\lib\router\index.js:416:3)
    at next (Q:\2021 풀스택 과정\grandjeju\node_modules\express\lib\router\index.js:275:10)
    at Layer.handle [as handle_request] (Q:\2021 풀스택 과정\grandjeju\node_modules\express\lib\router\layer.js:91:12)
    at trim_prefix (Q:\2021 풀스택 과정\grandjeju\node_modules\express\lib\router\index.js:323:13)
2022-02-06 01:17:56.812 [error] Error
2022-02-06 01:17:56.813 [error] 페이지를 찾을 수 없습니다.
2022-02-06 01:17:56.813 [error] Error: 페이지를 찾을 수 없습니다.
    at Q:\2021 풀스택 과정\grandjeju\Back_end\RestfulAPI\app.js:170:17
    at Layer.handle [as handle_request] (Q:\2021 풀스택 과정\grandjeju\node_modules\express\lib\router\layer.js:95:5)
    at trim_prefix (Q:\2021 풀스택 과정\grandjeju\node_modules\express\lib\router\index.js:323:13)
    at Q:\2021 풀스택 과정\grandjeju\node_modules\express\lib\router\index.js:284:7
    at param (Q:\2021 풀스택 과정\grandjeju\node_modules\express\lib\router\index.js:360:14)
    at param (Q:\2021 풀스택 과정\grandjeju\node_modules\express\lib\router\index.js:371:14)
    at Function.process_params (Q:\2021 풀스택 과정\grandjeju\node_modules\express\lib\router\index.js:416:3)
    at next (Q:\2021 풀스택 과정\grandjeju\node_modules\express\lib\router\index.js:275:10)
    at Layer.handle [as handle_request] (Q:\2021 풀스택 과정\grandjeju\node_modules\express\lib\router\layer.js:91:12)
    at trim_prefix (Q:\2021 풀스택 과정\grandjeju\node_modules\express\lib\router\index.js:323:13)
2022-02-06 01:18:16.673 [error] Error
2022-02-06 01:18:16.674 [error] 페이지를 찾을 수 없습니다.
2022-02-06 01:18:16.675 [error] Error: 페이지를 찾을 수 없습니다.
    at Q:\2021 풀스택 과정\grandjeju\Back_end\RestfulAPI\app.js:170:17
    at Layer.handle [as handle_request] (Q:\2021 풀스택 과정\grandjeju\node_modules\express\lib\router\layer.js:95:5)
    at trim_prefix (Q:\2021 풀스택 과정\grandjeju\node_modules\express\lib\router\index.js:323:13)
    at Q:\2021 풀스택 과정\grandjeju\node_modules\express\lib\router\index.js:284:7
    at param (Q:\2021 풀스택 과정\grandjeju\node_modules\express\lib\router\index.js:360:14)
    at param (Q:\2021 풀스택 과정\grandjeju\node_modules\express\lib\router\index.js:371:14)
    at Function.process_params (Q:\2021 풀스택 과정\grandjeju\node_modules\express\lib\router\index.js:416:3)
    at next (Q:\2021 풀스택 과정\grandjeju\node_modules\express\lib\router\index.js:275:10)
    at Layer.handle [as handle_request] (Q:\2021 풀스택 과정\grandjeju\node_modules\express\lib\router\layer.js:91:12)
    at trim_prefix (Q:\2021 풀스택 과정\grandjeju\node_modules\express\lib\router\index.js:323:13)
2022-02-06 01:21:59.437 [error] Error
2022-02-06 01:21:59.438 [error] 아이디가 없습니다.
2022-02-06 01:21:59.438 [error] Error: 아이디가 없습니다.
    at RegexHelper.value (Q:\2021 풀스택 과정\grandjeju\Back_end\helper\RegexHelper.js:16:19)
    at Q:\2021 풀스택 과정\grandjeju\Back_end\RestfulAPI\Grandjeju\Members_test.js:35:25
    at Layer.handle [as handle_request] (Q:\2021 풀스택 과정\grandjeju\node_modules\express\lib\router\layer.js:95:5)
    at next (Q:\2021 풀스택 과정\grandjeju\node_modules\express\lib\router\route.js:137:13)
    at Route.dispatch (Q:\2021 풀스택 과정\grandjeju\node_modules\express\lib\router\route.js:112:3)
    at Layer.handle [as handle_request] (Q:\2021 풀스택 과정\grandjeju\node_modules\express\lib\router\layer.js:95:5)
    at Q:\2021 풀스택 과정\grandjeju\node_modules\express\lib\router\index.js:281:22
    at Function.process_params (Q:\2021 풀스택 과정\grandjeju\node_modules\express\lib\router\index.js:341:12)
    at next (Q:\2021 풀스택 과정\grandjeju\node_modules\express\lib\router\index.js:275:10)
    at Function.handle (Q:\2021 풀스택 과정\grandjeju\node_modules\express\lib\router\index.js:174:3)
2022-02-06 01:22:50.720 [error] Error
2022-02-06 01:22:50.720 [error] 아이디가 없습니다.
2022-02-06 01:22:50.721 [error] Error: 아이디가 없습니다.
    at RegexHelper.value (Q:\2021 풀스택 과정\grandjeju\Back_end\helper\RegexHelper.js:16:19)
    at Q:\2021 풀스택 과정\grandjeju\Back_end\RestfulAPI\Grandjeju\Members_test.js:35:25
    at Layer.handle [as handle_request] (Q:\2021 풀스택 과정\grandjeju\node_modules\express\lib\router\layer.js:95:5)
    at next (Q:\2021 풀스택 과정\grandjeju\node_modules\express\lib\router\route.js:137:13)
    at Route.dispatch (Q:\2021 풀스택 과정\grandjeju\node_modules\express\lib\router\route.js:112:3)
    at Layer.handle [as handle_request] (Q:\2021 풀스택 과정\grandjeju\node_modules\express\lib\router\layer.js:95:5)
    at Q:\2021 풀스택 과정\grandjeju\node_modules\express\lib\router\index.js:281:22
    at Function.process_params (Q:\2021 풀스택 과정\grandjeju\node_modules\express\lib\router\index.js:341:12)
    at next (Q:\2021 풀스택 과정\grandjeju\node_modules\express\lib\router\index.js:275:10)
    at Function.handle (Q:\2021 풀스택 과정\grandjeju\node_modules\express\lib\router\index.js:174:3)
2022-02-06 01:24:08.543 [error] Error
2022-02-06 01:24:08.543 [error] 아이디가 없습니다.
2022-02-06 01:24:08.544 [error] Error: 아이디가 없습니다.
    at RegexHelper.value (Q:\2021 풀스택 과정\grandjeju\Back_end\helper\RegexHelper.js:16:19)
    at Q:\2021 풀스택 과정\grandjeju\Back_end\RestfulAPI\Grandjeju\Members_test.js:35:25
    at Layer.handle [as handle_request] (Q:\2021 풀스택 과정\grandjeju\node_modules\express\lib\router\layer.js:95:5)
    at next (Q:\2021 풀스택 과정\grandjeju\node_modules\express\lib\router\route.js:137:13)
    at Route.dispatch (Q:\2021 풀스택 과정\grandjeju\node_modules\express\lib\router\route.js:112:3)
    at Layer.handle [as handle_request] (Q:\2021 풀스택 과정\grandjeju\node_modules\express\lib\router\layer.js:95:5)
    at Q:\2021 풀스택 과정\grandjeju\node_modules\express\lib\router\index.js:281:22
    at Function.process_params (Q:\2021 풀스택 과정\grandjeju\node_modules\express\lib\router\index.js:341:12)
    at next (Q:\2021 풀스택 과정\grandjeju\node_modules\express\lib\router\index.js:275:10)
    at Function.handle (Q:\2021 풀스택 과정\grandjeju\node_modules\express\lib\router\index.js:174:3)
2022-02-06 01:24:09.206 [error] Error
2022-02-06 01:24:09.206 [error] 아이디가 없습니다.
2022-02-06 01:24:09.206 [error] Error: 아이디가 없습니다.
    at RegexHelper.value (Q:\2021 풀스택 과정\grandjeju\Back_end\helper\RegexHelper.js:16:19)
    at Q:\2021 풀스택 과정\grandjeju\Back_end\RestfulAPI\Grandjeju\Members_test.js:35:25
    at Layer.handle [as handle_request] (Q:\2021 풀스택 과정\grandjeju\node_modules\express\lib\router\layer.js:95:5)
    at next (Q:\2021 풀스택 과정\grandjeju\node_modules\express\lib\router\route.js:137:13)
    at Route.dispatch (Q:\2021 풀스택 과정\grandjeju\node_modules\express\lib\router\route.js:112:3)
    at Layer.handle [as handle_request] (Q:\2021 풀스택 과정\grandjeju\node_modules\express\lib\router\layer.js:95:5)
    at Q:\2021 풀스택 과정\grandjeju\node_modules\express\lib\router\index.js:281:22
    at Function.process_params (Q:\2021 풀스택 과정\grandjeju\node_modules\express\lib\router\index.js:341:12)
    at next (Q:\2021 풀스택 과정\grandjeju\node_modules\express\lib\router\index.js:275:10)
    at Function.handle (Q:\2021 풀스택 과정\grandjeju\node_modules\express\lib\router\index.js:174:3)
2022-02-06 01:24:09.802 [error] Error
2022-02-06 01:24:09.803 [error] 아이디가 없습니다.
2022-02-06 01:24:09.803 [error] Error: 아이디가 없습니다.
    at RegexHelper.value (Q:\2021 풀스택 과정\grandjeju\Back_end\helper\RegexHelper.js:16:19)
    at Q:\2021 풀스택 과정\grandjeju\Back_end\RestfulAPI\Grandjeju\Members_test.js:35:25
    at Layer.handle [as handle_request] (Q:\2021 풀스택 과정\grandjeju\node_modules\express\lib\router\layer.js:95:5)
    at next (Q:\2021 풀스택 과정\grandjeju\node_modules\express\lib\router\route.js:137:13)
    at Route.dispatch (Q:\2021 풀스택 과정\grandjeju\node_modules\express\lib\router\route.js:112:3)
    at Layer.handle [as handle_request] (Q:\2021 풀스택 과정\grandjeju\node_modules\express\lib\router\layer.js:95:5)
    at Q:\2021 풀스택 과정\grandjeju\node_modules\express\lib\router\index.js:281:22
    at Function.process_params (Q:\2021 풀스택 과정\grandjeju\node_modules\express\lib\router\index.js:341:12)
    at next (Q:\2021 풀스택 과정\grandjeju\node_modules\express\lib\router\index.js:275:10)
    at Function.handle (Q:\2021 풀스택 과정\grandjeju\node_modules\express\lib\router\index.js:174:3)
2022-02-06 01:24:10.417 [error] Error
2022-02-06 01:24:10.417 [error] 아이디가 없습니다.
2022-02-06 01:24:10.418 [error] Error: 아이디가 없습니다.
    at RegexHelper.value (Q:\2021 풀스택 과정\grandjeju\Back_end\helper\RegexHelper.js:16:19)
    at Q:\2021 풀스택 과정\grandjeju\Back_end\RestfulAPI\Grandjeju\Members_test.js:35:25
    at Layer.handle [as handle_request] (Q:\2021 풀스택 과정\grandjeju\node_modules\express\lib\router\layer.js:95:5)
    at next (Q:\2021 풀스택 과정\grandjeju\node_modules\express\lib\router\route.js:137:13)
    at Route.dispatch (Q:\2021 풀스택 과정\grandjeju\node_modules\express\lib\router\route.js:112:3)
    at Layer.handle [as handle_request] (Q:\2021 풀스택 과정\grandjeju\node_modules\express\lib\router\layer.js:95:5)
    at Q:\2021 풀스택 과정\grandjeju\node_modules\express\lib\router\index.js:281:22
    at Function.process_params (Q:\2021 풀스택 과정\grandjeju\node_modules\express\lib\router\index.js:341:12)
    at next (Q:\2021 풀스택 과정\grandjeju\node_modules\express\lib\router\index.js:275:10)
    at Function.handle (Q:\2021 풀스택 과정\grandjeju\node_modules\express\lib\router\index.js:174:3)
2022-02-06 01:24:18.430 [error] Error
2022-02-06 01:24:18.430 [error] 아이디가 없습니다.
2022-02-06 01:24:18.431 [error] Error: 아이디가 없습니다.
    at RegexHelper.value (Q:\2021 풀스택 과정\grandjeju\Back_end\helper\RegexHelper.js:16:19)
    at Q:\2021 풀스택 과정\grandjeju\Back_end\RestfulAPI\Grandjeju\Members_test.js:35:25
    at Layer.handle [as handle_request] (Q:\2021 풀스택 과정\grandjeju\node_modules\express\lib\router\layer.js:95:5)
    at next (Q:\2021 풀스택 과정\grandjeju\node_modules\express\lib\router\route.js:137:13)
    at Route.dispatch (Q:\2021 풀스택 과정\grandjeju\node_modules\express\lib\router\route.js:112:3)
    at Layer.handle [as handle_request] (Q:\2021 풀스택 과정\grandjeju\node_modules\express\lib\router\layer.js:95:5)
    at Q:\2021 풀스택 과정\grandjeju\node_modules\express\lib\router\index.js:281:22
    at Function.process_params (Q:\2021 풀스택 과정\grandjeju\node_modules\express\lib\router\index.js:341:12)
    at next (Q:\2021 풀스택 과정\grandjeju\node_modules\express\lib\router\index.js:275:10)
    at Function.handle (Q:\2021 풀스택 과정\grandjeju\node_modules\express\lib\router\index.js:174:3)
2022-02-06 01:24:26.551 [error] Error
2022-02-06 01:24:26.551 [error] compare.trim is not a function
2022-02-06 01:24:26.552 [error] Error: compare.trim is not a function
    at Q:\2021 풀스택 과정\grandjeju\Back_end\RestfulAPI\app.js:164:23
    at Layer.handle_error (Q:\2021 풀스택 과정\grandjeju\node_modules\express\lib\router\layer.js:71:5)
    at trim_prefix (Q:\2021 풀스택 과정\grandjeju\node_modules\express\lib\router\index.js:321:13)
    at Q:\2021 풀스택 과정\grandjeju\node_modules\express\lib\router\index.js:284:7
    at Function.process_params (Q:\2021 풀스택 과정\grandjeju\node_modules\express\lib\router\index.js:341:12)
    at next (Q:\2021 풀스택 과정\grandjeju\node_modules\express\lib\router\index.js:275:10)
    at Layer.handle_error (Q:\2021 풀스택 과정\grandjeju\node_modules\express\lib\router\layer.js:67:12)
    at trim_prefix (Q:\2021 풀스택 과정\grandjeju\node_modules\express\lib\router\index.js:321:13)
    at Q:\2021 풀스택 과정\grandjeju\node_modules\express\lib\router\index.js:284:7
    at Function.process_params (Q:\2021 풀스택 과정\grandjeju\node_modules\express\lib\router\index.js:341:12)
2022-02-06 01:24:33.492 [error] Error
2022-02-06 01:24:33.492 [error] compare.trim is not a function
2022-02-06 01:24:33.493 [error] Error: compare.trim is not a function
    at Q:\2021 풀스택 과정\grandjeju\Back_end\RestfulAPI\app.js:164:23
    at Layer.handle_error (Q:\2021 풀스택 과정\grandjeju\node_modules\express\lib\router\layer.js:71:5)
    at trim_prefix (Q:\2021 풀스택 과정\grandjeju\node_modules\express\lib\router\index.js:321:13)
    at Q:\2021 풀스택 과정\grandjeju\node_modules\express\lib\router\index.js:284:7
    at Function.process_params (Q:\2021 풀스택 과정\grandjeju\node_modules\express\lib\router\index.js:341:12)
    at next (Q:\2021 풀스택 과정\grandjeju\node_modules\express\lib\router\index.js:275:10)
    at Layer.handle_error (Q:\2021 풀스택 과정\grandjeju\node_modules\express\lib\router\layer.js:67:12)
    at trim_prefix (Q:\2021 풀스택 과정\grandjeju\node_modules\express\lib\router\index.js:321:13)
    at Q:\2021 풀스택 과정\grandjeju\node_modules\express\lib\router\index.js:284:7
    at Function.process_params (Q:\2021 풀스택 과정\grandjeju\node_modules\express\lib\router\index.js:341:12)
2022-02-06 01:26:45.613 [error] Error
2022-02-06 01:26:45.614 [error] compare.trim is not a function
2022-02-06 01:26:45.614 [error] Error: compare.trim is not a function
    at Q:\2021 풀스택 과정\grandjeju\Back_end\RestfulAPI\app.js:164:23
    at Layer.handle_error (Q:\2021 풀스택 과정\grandjeju\node_modules\express\lib\router\layer.js:71:5)
    at trim_prefix (Q:\2021 풀스택 과정\grandjeju\node_modules\express\lib\router\index.js:321:13)
    at Q:\2021 풀스택 과정\grandjeju\node_modules\express\lib\router\index.js:284:7
    at Function.process_params (Q:\2021 풀스택 과정\grandjeju\node_modules\express\lib\router\index.js:341:12)
    at next (Q:\2021 풀스택 과정\grandjeju\node_modules\express\lib\router\index.js:275:10)
    at Layer.handle_error (Q:\2021 풀스택 과정\grandjeju\node_modules\express\lib\router\layer.js:67:12)
    at trim_prefix (Q:\2021 풀스택 과정\grandjeju\node_modules\express\lib\router\index.js:321:13)
    at Q:\2021 풀스택 과정\grandjeju\node_modules\express\lib\router\index.js:284:7
    at Function.process_params (Q:\2021 풀스택 과정\grandjeju\node_modules\express\lib\router\index.js:341:12)
2022-02-06 01:30:00.730 [error] Error
2022-02-06 01:30:00.730 [error] 페이지를 찾을 수 없습니다.
2022-02-06 01:30:00.731 [error] Error: 페이지를 찾을 수 없습니다.
    at Q:\2021 풀스택 과정\grandjeju\Back_end\RestfulAPI\app.js:170:17
    at Layer.handle [as handle_request] (Q:\2021 풀스택 과정\grandjeju\node_modules\express\lib\router\layer.js:95:5)
    at trim_prefix (Q:\2021 풀스택 과정\grandjeju\node_modules\express\lib\router\index.js:323:13)
    at Q:\2021 풀스택 과정\grandjeju\node_modules\express\lib\router\index.js:284:7
    at param (Q:\2021 풀스택 과정\grandjeju\node_modules\express\lib\router\index.js:360:14)
    at param (Q:\2021 풀스택 과정\grandjeju\node_modules\express\lib\router\index.js:371:14)
    at Function.process_params (Q:\2021 풀스택 과정\grandjeju\node_modules\express\lib\router\index.js:416:3)
    at next (Q:\2021 풀스택 과정\grandjeju\node_modules\express\lib\router\index.js:275:10)
    at Layer.handle [as handle_request] (Q:\2021 풀스택 과정\grandjeju\node_modules\express\lib\router\layer.js:91:12)
    at trim_prefix (Q:\2021 풀스택 과정\grandjeju\node_modules\express\lib\router\index.js:323:13)
2022-02-06 01:30:08.416 [error] Error
2022-02-06 01:30:08.417 [error] compare.trim is not a function
2022-02-06 01:30:08.417 [error] Error: compare.trim is not a function
    at Q:\2021 풀스택 과정\grandjeju\Back_end\RestfulAPI\app.js:164:23
    at Layer.handle_error (Q:\2021 풀스택 과정\grandjeju\node_modules\express\lib\router\layer.js:71:5)
    at trim_prefix (Q:\2021 풀스택 과정\grandjeju\node_modules\express\lib\router\index.js:321:13)
    at Q:\2021 풀스택 과정\grandjeju\node_modules\express\lib\router\index.js:284:7
    at Function.process_params (Q:\2021 풀스택 과정\grandjeju\node_modules\express\lib\router\index.js:341:12)
    at next (Q:\2021 풀스택 과정\grandjeju\node_modules\express\lib\router\index.js:275:10)
    at Layer.handle_error (Q:\2021 풀스택 과정\grandjeju\node_modules\express\lib\router\layer.js:67:12)
    at trim_prefix (Q:\2021 풀스택 과정\grandjeju\node_modules\express\lib\router\index.js:321:13)
    at Q:\2021 풀스택 과정\grandjeju\node_modules\express\lib\router\index.js:284:7
    at Function.process_params (Q:\2021 풀스택 과정\grandjeju\node_modules\express\lib\router\index.js:341:12)
2022-02-06 01:30:27.338 [error] Error
2022-02-06 01:30:27.339 [error] 페이지를 찾을 수 없습니다.
2022-02-06 01:30:27.339 [error] Error: 페이지를 찾을 수 없습니다.
    at Q:\2021 풀스택 과정\grandjeju\Back_end\RestfulAPI\app.js:170:17
    at Layer.handle [as handle_request] (Q:\2021 풀스택 과정\grandjeju\node_modules\express\lib\router\layer.js:95:5)
    at trim_prefix (Q:\2021 풀스택 과정\grandjeju\node_modules\express\lib\router\index.js:323:13)
    at Q:\2021 풀스택 과정\grandjeju\node_modules\express\lib\router\index.js:284:7
    at param (Q:\2021 풀스택 과정\grandjeju\node_modules\express\lib\router\index.js:360:14)
    at param (Q:\2021 풀스택 과정\grandjeju\node_modules\express\lib\router\index.js:371:14)
    at Function.process_params (Q:\2021 풀스택 과정\grandjeju\node_modules\express\lib\router\index.js:416:3)
    at next (Q:\2021 풀스택 과정\grandjeju\node_modules\express\lib\router\index.js:275:10)
    at Layer.handle [as handle_request] (Q:\2021 풀스택 과정\grandjeju\node_modules\express\lib\router\layer.js:91:12)
    at trim_prefix (Q:\2021 풀스택 과정\grandjeju\node_modules\express\lib\router\index.js:323:13)
2022-02-06 01:30:37.863 [error] Error
2022-02-06 01:30:37.864 [error] compare.trim is not a function
2022-02-06 01:30:37.864 [error] Error: compare.trim is not a function
    at Q:\2021 풀스택 과정\grandjeju\Back_end\RestfulAPI\app.js:164:23
    at Layer.handle_error (Q:\2021 풀스택 과정\grandjeju\node_modules\express\lib\router\layer.js:71:5)
    at trim_prefix (Q:\2021 풀스택 과정\grandjeju\node_modules\express\lib\router\index.js:321:13)
    at Q:\2021 풀스택 과정\grandjeju\node_modules\express\lib\router\index.js:284:7
    at Function.process_params (Q:\2021 풀스택 과정\grandjeju\node_modules\express\lib\router\index.js:341:12)
    at next (Q:\2021 풀스택 과정\grandjeju\node_modules\express\lib\router\index.js:275:10)
    at Layer.handle_error (Q:\2021 풀스택 과정\grandjeju\node_modules\express\lib\router\layer.js:67:12)
    at trim_prefix (Q:\2021 풀스택 과정\grandjeju\node_modules\express\lib\router\index.js:321:13)
    at Q:\2021 풀스택 과정\grandjeju\node_modules\express\lib\router\index.js:284:7
    at Function.process_params (Q:\2021 풀스택 과정\grandjeju\node_modules\express\lib\router\index.js:341:12)
2022-02-06 01:33:08.114 [error] Error
2022-02-06 01:33:08.114 [error] 비밀번호가 없습니다.
2022-02-06 01:33:08.115 [error] Error: 비밀번호가 없습니다.
    at RegexHelper.value (Q:\2021 풀스택 과정\grandjeju\Back_end\helper\RegexHelper.js:16:19)
    at Q:\2021 풀스택 과정\grandjeju\Back_end\RestfulAPI\Grandjeju\Members_test.js:39:25
    at Layer.handle [as handle_request] (Q:\2021 풀스택 과정\grandjeju\node_modules\express\lib\router\layer.js:95:5)
    at next (Q:\2021 풀스택 과정\grandjeju\node_modules\express\lib\router\route.js:137:13)
    at Route.dispatch (Q:\2021 풀스택 과정\grandjeju\node_modules\express\lib\router\route.js:112:3)
    at Layer.handle [as handle_request] (Q:\2021 풀스택 과정\grandjeju\node_modules\express\lib\router\layer.js:95:5)
    at Q:\2021 풀스택 과정\grandjeju\node_modules\express\lib\router\index.js:281:22
    at Function.process_params (Q:\2021 풀스택 과정\grandjeju\node_modules\express\lib\router\index.js:341:12)
    at next (Q:\2021 풀스택 과정\grandjeju\node_modules\express\lib\router\index.js:275:10)
    at Function.handle (Q:\2021 풀스택 과정\grandjeju\node_modules\express\lib\router\index.js:174:3)
2022-02-06 01:33:28.830 [error] Error
2022-02-06 01:33:28.832 [error] 비밀번호가 없습니다.
2022-02-06 01:33:28.833 [error] Error: 비밀번호가 없습니다.
    at RegexHelper.value (Q:\2021 풀스택 과정\grandjeju\Back_end\helper\RegexHelper.js:16:19)
    at Q:\2021 풀스택 과정\grandjeju\Back_end\RestfulAPI\Grandjeju\Members_test.js:39:25
    at Layer.handle [as handle_request] (Q:\2021 풀스택 과정\grandjeju\node_modules\express\lib\router\layer.js:95:5)
    at next (Q:\2021 풀스택 과정\grandjeju\node_modules\express\lib\router\route.js:137:13)
    at Route.dispatch (Q:\2021 풀스택 과정\grandjeju\node_modules\express\lib\router\route.js:112:3)
    at Layer.handle [as handle_request] (Q:\2021 풀스택 과정\grandjeju\node_modules\express\lib\router\layer.js:95:5)
    at Q:\2021 풀스택 과정\grandjeju\node_modules\express\lib\router\index.js:281:22
    at Function.process_params (Q:\2021 풀스택 과정\grandjeju\node_modules\express\lib\router\index.js:341:12)
    at next (Q:\2021 풀스택 과정\grandjeju\node_modules\express\lib\router\index.js:275:10)
    at Function.handle (Q:\2021 풀스택 과정\grandjeju\node_modules\express\lib\router\index.js:174:3)
2022-02-06 01:34:26.734 [error] Error
2022-02-06 01:34:26.734 [error] 비밀번호가 없습니다.
2022-02-06 01:34:26.735 [error] Error: 비밀번호가 없습니다.
    at RegexHelper.value (Q:\2021 풀스택 과정\grandjeju\Back_end\helper\RegexHelper.js:16:19)
    at Q:\2021 풀스택 과정\grandjeju\Back_end\RestfulAPI\Grandjeju\Members_test.js:139:25
    at Layer.handle [as handle_request] (Q:\2021 풀스택 과정\grandjeju\node_modules\express\lib\router\layer.js:95:5)
    at next (Q:\2021 풀스택 과정\grandjeju\node_modules\express\lib\router\route.js:137:13)
    at Route.dispatch (Q:\2021 풀스택 과정\grandjeju\node_modules\express\lib\router\route.js:112:3)
    at Layer.handle [as handle_request] (Q:\2021 풀스택 과정\grandjeju\node_modules\express\lib\router\layer.js:95:5)
    at Q:\2021 풀스택 과정\grandjeju\node_modules\express\lib\router\index.js:281:22
    at Function.process_params (Q:\2021 풀스택 과정\grandjeju\node_modules\express\lib\router\index.js:341:12)
    at next (Q:\2021 풀스택 과정\grandjeju\node_modules\express\lib\router\index.js:275:10)
    at Function.handle (Q:\2021 풀스택 과정\grandjeju\node_modules\express\lib\router\index.js:174:3)
2022-02-06 01:37:20.465 [error] Error
2022-02-06 01:37:20.466 [error] Unknown column 'user_phone' in 'field list'
2022-02-06 01:37:20.466 [error] Error: Unknown column 'user_phone' in 'field list'
    at Q:\2021 풀스택 과정\grandjeju\Back_end\RestfulAPI\app.js:164:23
    at Layer.handle_error (Q:\2021 풀스택 과정\grandjeju\node_modules\express\lib\router\layer.js:71:5)
    at trim_prefix (Q:\2021 풀스택 과정\grandjeju\node_modules\express\lib\router\index.js:321:13)
    at Q:\2021 풀스택 과정\grandjeju\node_modules\express\lib\router\index.js:284:7
    at Function.process_params (Q:\2021 풀스택 과정\grandjeju\node_modules\express\lib\router\index.js:341:12)
    at next (Q:\2021 풀스택 과정\grandjeju\node_modules\express\lib\router\index.js:275:10)
    at Layer.handle_error (Q:\2021 풀스택 과정\grandjeju\node_modules\express\lib\router\layer.js:67:12)
    at trim_prefix (Q:\2021 풀스택 과정\grandjeju\node_modules\express\lib\router\index.js:321:13)
    at Q:\2021 풀스택 과정\grandjeju\node_modules\express\lib\router\index.js:284:7
    at Function.process_params (Q:\2021 풀스택 과정\grandjeju\node_modules\express\lib\router\index.js:341:12)
2022-02-06 01:38:05.088 [error] Error
2022-02-06 01:38:05.088 [error] 연락처를 입력하세요.
2022-02-06 01:38:05.088 [error] Error: 연락처를 입력하세요.
    at RegexHelper.value (Q:\2021 풀스택 과정\grandjeju\Back_end\helper\RegexHelper.js:16:19)
    at Q:\2021 풀스택 과정\grandjeju\Back_end\RestfulAPI\Grandjeju\Members_test.js:149:25
    at Layer.handle [as handle_request] (Q:\2021 풀스택 과정\grandjeju\node_modules\express\lib\router\layer.js:95:5)
    at next (Q:\2021 풀스택 과정\grandjeju\node_modules\express\lib\router\route.js:137:13)
    at Route.dispatch (Q:\2021 풀스택 과정\grandjeju\node_modules\express\lib\router\route.js:112:3)
    at Layer.handle [as handle_request] (Q:\2021 풀스택 과정\grandjeju\node_modules\express\lib\router\layer.js:95:5)
    at Q:\2021 풀스택 과정\grandjeju\node_modules\express\lib\router\index.js:281:22
    at Function.process_params (Q:\2021 풀스택 과정\grandjeju\node_modules\express\lib\router\index.js:341:12)
    at next (Q:\2021 풀스택 과정\grandjeju\node_modules\express\lib\router\index.js:275:10)
    at Function.handle (Q:\2021 풀스택 과정\grandjeju\node_modules\express\lib\router\index.js:174:3)
2022-02-06 01:38:13.494 [error] Error
2022-02-06 01:38:13.494 [error] Unknown column 'user_phone' in 'field list'
2022-02-06 01:38:13.495 [error] Error: Unknown column 'user_phone' in 'field list'
    at Q:\2021 풀스택 과정\grandjeju\Back_end\RestfulAPI\app.js:164:23
    at Layer.handle_error (Q:\2021 풀스택 과정\grandjeju\node_modules\express\lib\router\layer.js:71:5)
    at trim_prefix (Q:\2021 풀스택 과정\grandjeju\node_modules\express\lib\router\index.js:321:13)
    at Q:\2021 풀스택 과정\grandjeju\node_modules\express\lib\router\index.js:284:7
    at Function.process_params (Q:\2021 풀스택 과정\grandjeju\node_modules\express\lib\router\index.js:341:12)
    at next (Q:\2021 풀스택 과정\grandjeju\node_modules\express\lib\router\index.js:275:10)
    at Layer.handle_error (Q:\2021 풀스택 과정\grandjeju\node_modules\express\lib\router\layer.js:67:12)
    at trim_prefix (Q:\2021 풀스택 과정\grandjeju\node_modules\express\lib\router\index.js:321:13)
    at Q:\2021 풀스택 과정\grandjeju\node_modules\express\lib\router\index.js:284:7
    at Function.process_params (Q:\2021 풀스택 과정\grandjeju\node_modules\express\lib\router\index.js:341:12)
2022-02-06 01:43:55.264 [error] Error
2022-02-06 01:43:55.265 [error] Unknown column 'user_phone' in 'field list'
2022-02-06 01:43:55.265 [error] Error: Unknown column 'user_phone' in 'field list'
    at Q:\2021 풀스택 과정\grandjeju\Back_end\RestfulAPI\app.js:164:23
    at Layer.handle_error (Q:\2021 풀스택 과정\grandjeju\node_modules\express\lib\router\layer.js:71:5)
    at trim_prefix (Q:\2021 풀스택 과정\grandjeju\node_modules\express\lib\router\index.js:321:13)
    at Q:\2021 풀스택 과정\grandjeju\node_modules\express\lib\router\index.js:284:7
    at Function.process_params (Q:\2021 풀스택 과정\grandjeju\node_modules\express\lib\router\index.js:341:12)
    at next (Q:\2021 풀스택 과정\grandjeju\node_modules\express\lib\router\index.js:275:10)
    at Layer.handle_error (Q:\2021 풀스택 과정\grandjeju\node_modules\express\lib\router\layer.js:67:12)
    at trim_prefix (Q:\2021 풀스택 과정\grandjeju\node_modules\express\lib\router\index.js:321:13)
    at Q:\2021 풀스택 과정\grandjeju\node_modules\express\lib\router\index.js:284:7
    at Function.process_params (Q:\2021 풀스택 과정\grandjeju\node_modules\express\lib\router\index.js:341:12)
2022-02-06 01:44:35.632 [error] Error
2022-02-06 01:44:35.632 [error] 연락처를 입력하세요.
2022-02-06 01:44:35.633 [error] Error: 연락처를 입력하세요.
    at RegexHelper.value (Q:\2021 풀스택 과정\grandjeju\Back_end\helper\RegexHelper.js:16:19)
    at Q:\2021 풀스택 과정\grandjeju\Back_end\RestfulAPI\Grandjeju\Members_test.js:149:25
    at Layer.handle [as handle_request] (Q:\2021 풀스택 과정\grandjeju\node_modules\express\lib\router\layer.js:95:5)
    at next (Q:\2021 풀스택 과정\grandjeju\node_modules\express\lib\router\route.js:137:13)
    at Route.dispatch (Q:\2021 풀스택 과정\grandjeju\node_modules\express\lib\router\route.js:112:3)
    at Layer.handle [as handle_request] (Q:\2021 풀스택 과정\grandjeju\node_modules\express\lib\router\layer.js:95:5)
    at Q:\2021 풀스택 과정\grandjeju\node_modules\express\lib\router\index.js:281:22
    at Function.process_params (Q:\2021 풀스택 과정\grandjeju\node_modules\express\lib\router\index.js:341:12)
    at next (Q:\2021 풀스택 과정\grandjeju\node_modules\express\lib\router\index.js:275:10)
    at Function.handle (Q:\2021 풀스택 과정\grandjeju\node_modules\express\lib\router\index.js:174:3)
2022-02-06 01:44:46.821 [error] Error
2022-02-06 01:44:46.822 [error] 연락처를 입력하세요.
2022-02-06 01:44:46.822 [error] Error: 연락처를 입력하세요.
    at RegexHelper.value (Q:\2021 풀스택 과정\grandjeju\Back_end\helper\RegexHelper.js:16:19)
    at Q:\2021 풀스택 과정\grandjeju\Back_end\RestfulAPI\Grandjeju\Members_test.js:149:25
    at Layer.handle [as handle_request] (Q:\2021 풀스택 과정\grandjeju\node_modules\express\lib\router\layer.js:95:5)
    at next (Q:\2021 풀스택 과정\grandjeju\node_modules\express\lib\router\route.js:137:13)
    at Route.dispatch (Q:\2021 풀스택 과정\grandjeju\node_modules\express\lib\router\route.js:112:3)
    at Layer.handle [as handle_request] (Q:\2021 풀스택 과정\grandjeju\node_modules\express\lib\router\layer.js:95:5)
    at Q:\2021 풀스택 과정\grandjeju\node_modules\express\lib\router\index.js:281:22
    at Function.process_params (Q:\2021 풀스택 과정\grandjeju\node_modules\express\lib\router\index.js:341:12)
    at next (Q:\2021 풀스택 과정\grandjeju\node_modules\express\lib\router\index.js:275:10)
    at Function.handle (Q:\2021 풀스택 과정\grandjeju\node_modules\express\lib\router\index.js:174:3)
2022-02-06 01:44:50.032 [error] Error
2022-02-06 01:44:50.032 [error] Unknown column 'user_phone' in 'field list'
2022-02-06 01:44:50.033 [error] Error: Unknown column 'user_phone' in 'field list'
    at Q:\2021 풀스택 과정\grandjeju\Back_end\RestfulAPI\app.js:164:23
    at Layer.handle_error (Q:\2021 풀스택 과정\grandjeju\node_modules\express\lib\router\layer.js:71:5)
    at trim_prefix (Q:\2021 풀스택 과정\grandjeju\node_modules\express\lib\router\index.js:321:13)
    at Q:\2021 풀스택 과정\grandjeju\node_modules\express\lib\router\index.js:284:7
    at Function.process_params (Q:\2021 풀스택 과정\grandjeju\node_modules\express\lib\router\index.js:341:12)
    at next (Q:\2021 풀스택 과정\grandjeju\node_modules\express\lib\router\index.js:275:10)
    at Layer.handle_error (Q:\2021 풀스택 과정\grandjeju\node_modules\express\lib\router\layer.js:67:12)
    at trim_prefix (Q:\2021 풀스택 과정\grandjeju\node_modules\express\lib\router\index.js:321:13)
    at Q:\2021 풀스택 과정\grandjeju\node_modules\express\lib\router\index.js:284:7
    at Function.process_params (Q:\2021 풀스택 과정\grandjeju\node_modules\express\lib\router\index.js:341:12)
2022-02-06 01:45:00.544 [error] Error
2022-02-06 01:45:00.544 [error] Unknown column 'user_phone' in 'field list'
2022-02-06 01:45:00.544 [error] Error: Unknown column 'user_phone' in 'field list'
    at Q:\2021 풀스택 과정\grandjeju\Back_end\RestfulAPI\app.js:164:23
    at Layer.handle_error (Q:\2021 풀스택 과정\grandjeju\node_modules\express\lib\router\layer.js:71:5)
    at trim_prefix (Q:\2021 풀스택 과정\grandjeju\node_modules\express\lib\router\index.js:321:13)
    at Q:\2021 풀스택 과정\grandjeju\node_modules\express\lib\router\index.js:284:7
    at Function.process_params (Q:\2021 풀스택 과정\grandjeju\node_modules\express\lib\router\index.js:341:12)
    at next (Q:\2021 풀스택 과정\grandjeju\node_modules\express\lib\router\index.js:275:10)
    at Layer.handle_error (Q:\2021 풀스택 과정\grandjeju\node_modules\express\lib\router\layer.js:67:12)
    at trim_prefix (Q:\2021 풀스택 과정\grandjeju\node_modules\express\lib\router\index.js:321:13)
    at Q:\2021 풀스택 과정\grandjeju\node_modules\express\lib\router\index.js:284:7
    at Function.process_params (Q:\2021 풀스택 과정\grandjeju\node_modules\express\lib\router\index.js:341:12)
2022-02-06 01:45:40.859 [error] Error
2022-02-06 01:45:40.859 [error] Unknown column 'user_phone' in 'field list'
2022-02-06 01:45:40.860 [error] Error: Unknown column 'user_phone' in 'field list'
    at Q:\2021 풀스택 과정\grandjeju\Back_end\RestfulAPI\app.js:164:23
    at Layer.handle_error (Q:\2021 풀스택 과정\grandjeju\node_modules\express\lib\router\layer.js:71:5)
    at trim_prefix (Q:\2021 풀스택 과정\grandjeju\node_modules\express\lib\router\index.js:321:13)
    at Q:\2021 풀스택 과정\grandjeju\node_modules\express\lib\router\index.js:284:7
    at Function.process_params (Q:\2021 풀스택 과정\grandjeju\node_modules\express\lib\router\index.js:341:12)
    at next (Q:\2021 풀스택 과정\grandjeju\node_modules\express\lib\router\index.js:275:10)
    at Layer.handle_error (Q:\2021 풀스택 과정\grandjeju\node_modules\express\lib\router\layer.js:67:12)
    at trim_prefix (Q:\2021 풀스택 과정\grandjeju\node_modules\express\lib\router\index.js:321:13)
    at Q:\2021 풀스택 과정\grandjeju\node_modules\express\lib\router\index.js:284:7
    at Function.process_params (Q:\2021 풀스택 과정\grandjeju\node_modules\express\lib\router\index.js:341:12)
2022-02-06 01:48:47.934 [error] Error
2022-02-06 01:48:47.935 [error] Unknown column 'user_phone' in 'field list'
2022-02-06 01:48:47.935 [error] Error: Unknown column 'user_phone' in 'field list'
    at Q:\2021 풀스택 과정\grandjeju\Back_end\RestfulAPI\app.js:164:23
    at Layer.handle_error (Q:\2021 풀스택 과정\grandjeju\node_modules\express\lib\router\layer.js:71:5)
    at trim_prefix (Q:\2021 풀스택 과정\grandjeju\node_modules\express\lib\router\index.js:321:13)
    at Q:\2021 풀스택 과정\grandjeju\node_modules\express\lib\router\index.js:284:7
    at Function.process_params (Q:\2021 풀스택 과정\grandjeju\node_modules\express\lib\router\index.js:341:12)
    at next (Q:\2021 풀스택 과정\grandjeju\node_modules\express\lib\router\index.js:275:10)
    at Layer.handle_error (Q:\2021 풀스택 과정\grandjeju\node_modules\express\lib\router\layer.js:67:12)
    at trim_prefix (Q:\2021 풀스택 과정\grandjeju\node_modules\express\lib\router\index.js:321:13)
    at Q:\2021 풀스택 과정\grandjeju\node_modules\express\lib\router\index.js:284:7
    at Function.process_params (Q:\2021 풀스택 과정\grandjeju\node_modules\express\lib\router\index.js:341:12)
2022-02-06 01:49:36.866 [error] Error
2022-02-06 01:49:36.867 [error] Unknown column 'user_phone' in 'field list'
2022-02-06 01:49:36.867 [error] Error: Unknown column 'user_phone' in 'field list'
    at Q:\2021 풀스택 과정\grandjeju\Back_end\RestfulAPI\app.js:164:23
    at Layer.handle_error (Q:\2021 풀스택 과정\grandjeju\node_modules\express\lib\router\layer.js:71:5)
    at trim_prefix (Q:\2021 풀스택 과정\grandjeju\node_modules\express\lib\router\index.js:321:13)
    at Q:\2021 풀스택 과정\grandjeju\node_modules\express\lib\router\index.js:284:7
    at Function.process_params (Q:\2021 풀스택 과정\grandjeju\node_modules\express\lib\router\index.js:341:12)
    at next (Q:\2021 풀스택 과정\grandjeju\node_modules\express\lib\router\index.js:275:10)
    at Layer.handle_error (Q:\2021 풀스택 과정\grandjeju\node_modules\express\lib\router\layer.js:67:12)
    at trim_prefix (Q:\2021 풀스택 과정\grandjeju\node_modules\express\lib\router\index.js:321:13)
    at Q:\2021 풀스택 과정\grandjeju\node_modules\express\lib\router\index.js:284:7
    at Function.process_params (Q:\2021 풀스택 과정\grandjeju\node_modules\express\lib\router\index.js:341:12)
2022-02-06 01:50:34.630 [error] Error
2022-02-06 01:50:34.630 [error] 아이디를 입력하세요.
2022-02-06 01:50:34.631 [error] Error: 아이디를 입력하세요.
    at RegexHelper.value (Q:\2021 풀스택 과정\grandjeju\Back_end\helper\RegexHelper.js:16:19)
    at Q:\2021 풀스택 과정\grandjeju\Back_end\RestfulAPI\Grandjeju\Members_test.js:199:25
    at Layer.handle [as handle_request] (Q:\2021 풀스택 과정\grandjeju\node_modules\express\lib\router\layer.js:95:5)
    at next (Q:\2021 풀스택 과정\grandjeju\node_modules\express\lib\router\route.js:137:13)
    at Route.dispatch (Q:\2021 풀스택 과정\grandjeju\node_modules\express\lib\router\route.js:112:3)
    at Layer.handle [as handle_request] (Q:\2021 풀스택 과정\grandjeju\node_modules\express\lib\router\layer.js:95:5)
    at Q:\2021 풀스택 과정\grandjeju\node_modules\express\lib\router\index.js:281:22
    at Function.process_params (Q:\2021 풀스택 과정\grandjeju\node_modules\express\lib\router\index.js:341:12)
    at next (Q:\2021 풀스택 과정\grandjeju\node_modules\express\lib\router\index.js:275:10)
    at Function.handle (Q:\2021 풀스택 과정\grandjeju\node_modules\express\lib\router\index.js:174:3)
2022-02-06 01:50:39.534 [error] Error
2022-02-06 01:50:39.534 [error] 비밀번호를 입력하세요.
2022-02-06 01:50:39.535 [error] Error: 비밀번호를 입력하세요.
    at RegexHelper.value (Q:\2021 풀스택 과정\grandjeju\Back_end\helper\RegexHelper.js:16:19)
    at Q:\2021 풀스택 과정\grandjeju\Back_end\RestfulAPI\Grandjeju\Members_test.js:200:25
    at Layer.handle [as handle_request] (Q:\2021 풀스택 과정\grandjeju\node_modules\express\lib\router\layer.js:95:5)
    at next (Q:\2021 풀스택 과정\grandjeju\node_modules\express\lib\router\route.js:137:13)
    at Route.dispatch (Q:\2021 풀스택 과정\grandjeju\node_modules\express\lib\router\route.js:112:3)
    at Layer.handle [as handle_request] (Q:\2021 풀스택 과정\grandjeju\node_modules\express\lib\router\layer.js:95:5)
    at Q:\2021 풀스택 과정\grandjeju\node_modules\express\lib\router\index.js:281:22
    at Function.process_params (Q:\2021 풀스택 과정\grandjeju\node_modules\express\lib\router\index.js:341:12)
    at next (Q:\2021 풀스택 과정\grandjeju\node_modules\express\lib\router\index.js:275:10)
    at Function.handle (Q:\2021 풀스택 과정\grandjeju\node_modules\express\lib\router\index.js:174:3)
2022-02-06 01:50:42.415 [error] Error
2022-02-06 01:50:42.415 [error] Unknown column 'members_id' in 'field list'
2022-02-06 01:50:42.415 [error] Error: Unknown column 'members_id' in 'field list'
    at Q:\2021 풀스택 과정\grandjeju\Back_end\RestfulAPI\app.js:164:23
    at Layer.handle_error (Q:\2021 풀스택 과정\grandjeju\node_modules\express\lib\router\layer.js:71:5)
    at trim_prefix (Q:\2021 풀스택 과정\grandjeju\node_modules\express\lib\router\index.js:321:13)
    at Q:\2021 풀스택 과정\grandjeju\node_modules\express\lib\router\index.js:284:7
    at Function.process_params (Q:\2021 풀스택 과정\grandjeju\node_modules\express\lib\router\index.js:341:12)
    at next (Q:\2021 풀스택 과정\grandjeju\node_modules\express\lib\router\index.js:275:10)
    at Layer.handle_error (Q:\2021 풀스택 과정\grandjeju\node_modules\express\lib\router\layer.js:67:12)
    at trim_prefix (Q:\2021 풀스택 과정\grandjeju\node_modules\express\lib\router\index.js:321:13)
    at Q:\2021 풀스택 과정\grandjeju\node_modules\express\lib\router\index.js:284:7
    at Function.process_params (Q:\2021 풀스택 과정\grandjeju\node_modules\express\lib\router\index.js:341:12)
2022-02-06 01:53:07.138 [error] Error
2022-02-06 01:53:07.139 [error] Unknown column 'members_id' in 'field list'
2022-02-06 01:53:07.140 [error] Error: Unknown column 'members_id' in 'field list'
    at Q:\2021 풀스택 과정\grandjeju\Back_end\RestfulAPI\app.js:164:23
    at Layer.handle_error (Q:\2021 풀스택 과정\grandjeju\node_modules\express\lib\router\layer.js:71:5)
    at trim_prefix (Q:\2021 풀스택 과정\grandjeju\node_modules\express\lib\router\index.js:321:13)
    at Q:\2021 풀스택 과정\grandjeju\node_modules\express\lib\router\index.js:284:7
    at Function.process_params (Q:\2021 풀스택 과정\grandjeju\node_modules\express\lib\router\index.js:341:12)
    at next (Q:\2021 풀스택 과정\grandjeju\node_modules\express\lib\router\index.js:275:10)
    at Layer.handle_error (Q:\2021 풀스택 과정\grandjeju\node_modules\express\lib\router\layer.js:67:12)
    at trim_prefix (Q:\2021 풀스택 과정\grandjeju\node_modules\express\lib\router\index.js:321:13)
    at Q:\2021 풀스택 과정\grandjeju\node_modules\express\lib\router\index.js:284:7
    at Function.process_params (Q:\2021 풀스택 과정\grandjeju\node_modules\express\lib\router\index.js:341:12)
2022-02-06 02:07:26.409 [error] Error
2022-02-06 02:07:26.409 [error] Unknown column 'user_phone' in 'field list'
2022-02-06 02:07:26.410 [error] Error: Unknown column 'user_phone' in 'field list'
    at Q:\2021 풀스택 과정\grandjeju\Back_end\RestfulAPI\app.js:164:23
    at Layer.handle_error (Q:\2021 풀스택 과정\grandjeju\node_modules\express\lib\router\layer.js:71:5)
    at trim_prefix (Q:\2021 풀스택 과정\grandjeju\node_modules\express\lib\router\index.js:321:13)
    at Q:\2021 풀스택 과정\grandjeju\node_modules\express\lib\router\index.js:284:7
    at Function.process_params (Q:\2021 풀스택 과정\grandjeju\node_modules\express\lib\router\index.js:341:12)
    at next (Q:\2021 풀스택 과정\grandjeju\node_modules\express\lib\router\index.js:275:10)
    at Layer.handle_error (Q:\2021 풀스택 과정\grandjeju\node_modules\express\lib\router\layer.js:67:12)
    at trim_prefix (Q:\2021 풀스택 과정\grandjeju\node_modules\express\lib\router\index.js:321:13)
    at Q:\2021 풀스택 과정\grandjeju\node_modules\express\lib\router\index.js:284:7
    at Function.process_params (Q:\2021 풀스택 과정\grandjeju\node_modules\express\lib\router\index.js:341:12)
2022-02-06 02:08:35.784 [error] Error
2022-02-06 02:08:35.785 [error] 이미 사용 중인 아이디입니다.
2022-02-06 02:08:35.785 [error] Error: 이미 사용 중인 아이디입니다.
    at Q:\2021 풀스택 과정\grandjeju\Back_end\RestfulAPI\Grandjeju\Members_test.js:166:23
    at processTicksAndRejections (internal/process/task_queues.js:95:5)
2022-02-06 02:08:42.569 [error] Error
2022-02-06 02:08:42.569 [error] 이미 사용 중인 아이디입니다.
2022-02-06 02:08:42.569 [error] Error: 이미 사용 중인 아이디입니다.
    at Q:\2021 풀스택 과정\grandjeju\Back_end\RestfulAPI\Grandjeju\Members_test.js:166:23
    at processTicksAndRejections (internal/process/task_queues.js:95:5)
2022-02-06 02:08:46.055 [error] Error
2022-02-06 02:08:46.055 [error] Unknown column 'members_id' in 'field list'
2022-02-06 02:08:46.056 [error] Error: Unknown column 'members_id' in 'field list'
    at Q:\2021 풀스택 과정\grandjeju\Back_end\RestfulAPI\app.js:164:23
    at Layer.handle_error (Q:\2021 풀스택 과정\grandjeju\node_modules\express\lib\router\layer.js:71:5)
    at trim_prefix (Q:\2021 풀스택 과정\grandjeju\node_modules\express\lib\router\index.js:321:13)
    at Q:\2021 풀스택 과정\grandjeju\node_modules\express\lib\router\index.js:284:7
    at Function.process_params (Q:\2021 풀스택 과정\grandjeju\node_modules\express\lib\router\index.js:341:12)
    at next (Q:\2021 풀스택 과정\grandjeju\node_modules\express\lib\router\index.js:275:10)
    at Layer.handle_error (Q:\2021 풀스택 과정\grandjeju\node_modules\express\lib\router\layer.js:67:12)
    at trim_prefix (Q:\2021 풀스택 과정\grandjeju\node_modules\express\lib\router\index.js:321:13)
    at Q:\2021 풀스택 과정\grandjeju\node_modules\express\lib\router\index.js:284:7
    at Function.process_params (Q:\2021 풀스택 과정\grandjeju\node_modules\express\lib\router\index.js:341:12)
2022-02-06 02:08:47.183 [error] Error
2022-02-06 02:08:47.183 [error] Unknown column 'members_id' in 'field list'
2022-02-06 02:08:47.183 [error] Error: Unknown column 'members_id' in 'field list'
    at Q:\2021 풀스택 과정\grandjeju\Back_end\RestfulAPI\app.js:164:23
    at Layer.handle_error (Q:\2021 풀스택 과정\grandjeju\node_modules\express\lib\router\layer.js:71:5)
    at trim_prefix (Q:\2021 풀스택 과정\grandjeju\node_modules\express\lib\router\index.js:321:13)
    at Q:\2021 풀스택 과정\grandjeju\node_modules\express\lib\router\index.js:284:7
    at Function.process_params (Q:\2021 풀스택 과정\grandjeju\node_modules\express\lib\router\index.js:341:12)
    at next (Q:\2021 풀스택 과정\grandjeju\node_modules\express\lib\router\index.js:275:10)
    at Layer.handle_error (Q:\2021 풀스택 과정\grandjeju\node_modules\express\lib\router\layer.js:67:12)
    at trim_prefix (Q:\2021 풀스택 과정\grandjeju\node_modules\express\lib\router\index.js:321:13)
    at Q:\2021 풀스택 과정\grandjeju\node_modules\express\lib\router\index.js:284:7
    at Function.process_params (Q:\2021 풀스택 과정\grandjeju\node_modules\express\lib\router\index.js:341:12)
2022-02-06 02:09:06.376 [error] Error
2022-02-06 02:09:06.376 [error] 아이디를 입력하세요.
2022-02-06 02:09:06.377 [error] Error: 아이디를 입력하세요.
    at RegexHelper.value (Q:\2021 풀스택 과정\grandjeju\Back_end\helper\RegexHelper.js:16:19)
    at Q:\2021 풀스택 과정\grandjeju\Back_end\RestfulAPI\Grandjeju\Members_test.js:197:25
    at Layer.handle [as handle_request] (Q:\2021 풀스택 과정\grandjeju\node_modules\express\lib\router\layer.js:95:5)
    at next (Q:\2021 풀스택 과정\grandjeju\node_modules\express\lib\router\route.js:137:13)
    at Route.dispatch (Q:\2021 풀스택 과정\grandjeju\node_modules\express\lib\router\route.js:112:3)
    at Layer.handle [as handle_request] (Q:\2021 풀스택 과정\grandjeju\node_modules\express\lib\router\layer.js:95:5)
    at Q:\2021 풀스택 과정\grandjeju\node_modules\express\lib\router\index.js:281:22
    at Function.process_params (Q:\2021 풀스택 과정\grandjeju\node_modules\express\lib\router\index.js:341:12)
    at next (Q:\2021 풀스택 과정\grandjeju\node_modules\express\lib\router\index.js:275:10)
    at Function.handle (Q:\2021 풀스택 과정\grandjeju\node_modules\express\lib\router\index.js:174:3)
2022-02-06 02:09:09.206 [error] Error
2022-02-06 02:09:09.206 [error] 비밀번호를 입력하세요.
2022-02-06 02:09:09.207 [error] Error: 비밀번호를 입력하세요.
    at RegexHelper.value (Q:\2021 풀스택 과정\grandjeju\Back_end\helper\RegexHelper.js:16:19)
    at Q:\2021 풀스택 과정\grandjeju\Back_end\RestfulAPI\Grandjeju\Members_test.js:198:25
    at Layer.handle [as handle_request] (Q:\2021 풀스택 과정\grandjeju\node_modules\express\lib\router\layer.js:95:5)
    at next (Q:\2021 풀스택 과정\grandjeju\node_modules\express\lib\router\route.js:137:13)
    at Route.dispatch (Q:\2021 풀스택 과정\grandjeju\node_modules\express\lib\router\route.js:112:3)
    at Layer.handle [as handle_request] (Q:\2021 풀스택 과정\grandjeju\node_modules\express\lib\router\layer.js:95:5)
    at Q:\2021 풀스택 과정\grandjeju\node_modules\express\lib\router\index.js:281:22
    at Function.process_params (Q:\2021 풀스택 과정\grandjeju\node_modules\express\lib\router\index.js:341:12)
    at next (Q:\2021 풀스택 과정\grandjeju\node_modules\express\lib\router\index.js:275:10)
    at Function.handle (Q:\2021 풀스택 과정\grandjeju\node_modules\express\lib\router\index.js:174:3)
2022-02-06 02:09:13.578 [error] Error
2022-02-06 02:09:13.579 [error] Unknown column 'members_id' in 'field list'
2022-02-06 02:09:13.579 [error] Error: Unknown column 'members_id' in 'field list'
    at Q:\2021 풀스택 과정\grandjeju\Back_end\RestfulAPI\app.js:164:23
    at Layer.handle_error (Q:\2021 풀스택 과정\grandjeju\node_modules\express\lib\router\layer.js:71:5)
    at trim_prefix (Q:\2021 풀스택 과정\grandjeju\node_modules\express\lib\router\index.js:321:13)
    at Q:\2021 풀스택 과정\grandjeju\node_modules\express\lib\router\index.js:284:7
    at Function.process_params (Q:\2021 풀스택 과정\grandjeju\node_modules\express\lib\router\index.js:341:12)
    at next (Q:\2021 풀스택 과정\grandjeju\node_modules\express\lib\router\index.js:275:10)
    at Layer.handle_error (Q:\2021 풀스택 과정\grandjeju\node_modules\express\lib\router\layer.js:67:12)
    at trim_prefix (Q:\2021 풀스택 과정\grandjeju\node_modules\express\lib\router\index.js:321:13)
    at Q:\2021 풀스택 과정\grandjeju\node_modules\express\lib\router\index.js:284:7
    at Function.process_params (Q:\2021 풀스택 과정\grandjeju\node_modules\express\lib\router\index.js:341:12)
2022-02-06 02:11:01.316 [error] Error
2022-02-06 02:11:01.316 [error] 아이디나 비밀번호가 잘못되었습니다.
2022-02-06 02:11:01.316 [error] Error: 아이디나 비밀번호가 잘못되었습니다.
    at Q:\2021 풀스택 과정\grandjeju\Back_end\RestfulAPI\Grandjeju\Members_test.js:228:25
    at processTicksAndRejections (internal/process/task_queues.js:95:5)
